/home/alex/git/intfeat/.venv/lib/python3.12/site-packages/joblib/_multiprocessing_helpers.py:44: UserWarning: [Errno 13] Permission denied.  joblib will operate in serial mode
  warnings.warn("%s.  joblib will operate in serial mode" % (e,))
Loaded rows [0, 400000) in 9.1s
Loaded rows [400000, 800000) in 9.4s
Loaded rows [800000, 1200000) in 9.9s
[I 2026-02-26 15:38:39,629] A new study created in RDB with name: hybrid_bspline_qcap_large_token_sl_i6_barrier_400k_100t
Hybrid Optuna: variant=hybrid_bspline_sl hybrid_config=experiments/criteo_fwfm/config/model_hybrid_bspline_sl_i6_quantile_large_token.yaml hybrid_sl_columns=['I6'] potential_family=u_right_inverse_square completed_before=0 target=100 remaining=100
/home/alex/git/intfeat/.venv/lib/python3.12/site-packages/torch/cuda/__init__.py:182: UserWarning: CUDA initialization: The NVIDIA driver on your system is too old (found version 11040). Please update your GPU driver by downloading and installing a new version from the URL: http://www.nvidia.com/Download/index.aspx Alternatively, go to: https://pytorch.org to install a PyTorch version that has been compiled with your version of the CUDA driver. (Triggered internally at /pytorch/c10/cuda/CUDAFunctions.cpp:109.)
  return torch._C._cuda_getDeviceCount() > 0
[I 2026-02-26 15:44:18,385] Trial 0 finished with value: 0.49867013413136474 and parameters: {'lr': 0.0005611516415334506, 'weight_decay': 0.005061576888752304, 'sl_u0': 0.7319939418114051, 'sl_left_slope': 2.385234757844707, 'sl_right_slope': 0.22856175997064762, 'sl_potential_kappa': 0.14687692288164142, 'sl_potential_eps': 0.001360354613611808}. Best is trial 0 with value: 0.49867013413136474.
[I 2026-02-26 15:50:14,149] Trial 1 finished with value: 0.479248873908682 and parameters: {'lr': 0.005399484409787433, 'weight_decay': 4.0428727350273306e-05, 'sl_u0': 0.7080725777960455, 'sl_left_slope': 0.11152328125494342, 'sl_right_slope': 17.052641538983092, 'sl_potential_kappa': 15.71440445420054, 'sl_potential_eps': 0.0030803400529839683}. Best is trial 1 with value: 0.479248873908682.
[I 2026-02-26 15:56:05,698] Trial 2 finished with value: 0.48294537581215846 and parameters: {'lr': 0.0002310201887845295, 'weight_decay': 1.2601639723276798e-07, 'sl_u0': 0.3042422429595377, 'sl_left_slope': 1.6124278458562613, 'sl_right_slope': 0.9860942908083906, 'sl_potential_kappa': 0.37381560311261497, 'sl_potential_eps': 0.025579488960947364}. Best is trial 1 with value: 0.479248873908682.
[I 2026-02-26 16:02:01,676] Trial 3 finished with value: 0.4868973469826793 and parameters: {'lr': 0.00019010245319870352, 'weight_decay': 5.660670699258882e-07, 'sl_u0': 0.3663618432936917, 'sl_left_slope': 1.120548642504815, 'sl_right_slope': 6.407866261851015, 'sl_potential_kappa': 0.1986055363690956, 'sl_potential_eps': 0.015249965725213558}. Best is trial 1 with value: 0.479248873908682.
[I 2026-02-26 16:08:05,581] Trial 4 finished with value: 0.47256684115837083 and parameters: {'lr': 0.0015304852121831463, 'weight_decay': 1.8997763474111273e-08, 'sl_u0': 0.6075448519014384, 'sl_left_slope': 0.24682044079890128, 'sl_right_slope': 0.14115155493448336, 'sl_potential_kappa': 35.12583169621077, 'sl_potential_eps': 0.16670486450654684}. Best is trial 4 with value: 0.47256684115837083.
[I 2026-02-26 16:13:57,736] Trial 5 finished with value: 0.4763922655839566 and parameters: {'lr': 0.004138040112561018, 'weight_decay': 6.724850206557239e-07, 'sl_u0': 0.09767211400638387, 'sl_left_slope': 3.753537145233125, 'sl_right_slope': 1.0299214204601976, 'sl_potential_kappa': 0.11616751757695054, 'sl_potential_eps': 0.013785322267847979}. Best is trial 4 with value: 0.47256684115837083.
[I 2026-02-26 16:19:59,135] Trial 6 finished with value: 0.5112170514674925 and parameters: {'lr': 0.00011715937392307068, 'weight_decay': 0.0028570800750407216, 'sl_u0': 0.2587799816000169, 'sl_left_slope': 3.345674213696821, 'sl_right_slope': 0.5215026697411662, 'sl_potential_kappa': 1.8162434783383024, 'sl_potential_eps': 0.01811326544803337}. Best is trial 4 with value: 0.47256684115837083.
[I 2026-02-26 16:26:00,708] Trial 7 finished with value: 0.5065292674701694 and parameters: {'lr': 0.00023426581058204064, 'weight_decay': 0.006569128640939186, 'sl_u0': 0.7751328233611146, 'sl_left_slope': 14.514940016485882, 'sl_right_slope': 11.455777613940603, 'sl_potential_kappa': 3.1093523638845375, 'sl_potential_eps': 0.1322087706740562}. Best is trial 4 with value: 0.47256684115837083.
[I 2026-02-26 16:32:04,763] Trial 8 finished with value: 0.4926559262438479 and parameters: {'lr': 0.00015030900645056822, 'weight_decay': 1.499329805509153e-07, 'sl_u0': 0.045227288910538066, 'sl_left_slope': 0.5605248221933016, 'sl_right_slope': 0.7840758945457351, 'sl_potential_kappa': 0.3258495305588587, 'sl_potential_eps': 0.08071418522169696}. Best is trial 4 with value: 0.47256684115837083.
[I 2026-02-26 16:37:59,078] Trial 9 finished with value: 0.4752909318678254 and parameters: {'lr': 0.0005170191786366995, 'weight_decay': 4.848496183873288e-07, 'sl_u0': 0.5426960831582485, 'sl_left_slope': 0.2109943708194116, 'sl_right_slope': 7.012604000905364, 'sl_potential_kappa': 0.08368005083912887, 'sl_potential_eps': 0.1865762858779244}. Best is trial 4 with value: 0.47256684115837083.
[I 2026-02-26 16:43:57,027] Trial 10 finished with value: 0.47275542162274853 and parameters: {'lr': 0.0018932456129667514, 'weight_decay': 1.086383341945677e-08, 'sl_u0': 0.9695371107878658, 'sl_left_slope': 0.37531452640771884, 'sl_right_slope': 0.10800876242367896, 'sl_potential_kappa': 26.421921028694218, 'sl_potential_eps': 0.04792875343626008}. Best is trial 4 with value: 0.47256684115837083.
[I 2026-02-26 16:49:54,998] Trial 11 finished with value: 0.4727518919244914 and parameters: {'lr': 0.0018877457901429107, 'weight_decay': 1.60631735494463e-08, 'sl_u0': 0.9966070454079584, 'sl_left_slope': 0.30358249719406444, 'sl_right_slope': 0.10472040116276916, 'sl_potential_kappa': 36.29449226572476, 'sl_potential_eps': 0.04657786857385769}. Best is trial 4 with value: 0.47256684115837083.
[I 2026-02-26 16:55:55,190] Trial 12 finished with value: 0.4725867976135485 and parameters: {'lr': 0.0018671386170153058, 'weight_decay': 1.1759087421620883e-08, 'sl_u0': 0.9926337874480249, 'sl_left_slope': 0.10505716556251198, 'sl_right_slope': 0.10420995125031055, 'sl_potential_kappa': 9.191260519140407, 'sl_potential_eps': 0.048300449448909655}. Best is trial 4 with value: 0.47256684115837083.
[I 2026-02-26 17:01:53,969] Trial 13 finished with value: 0.4946824320193952 and parameters: {'lr': 0.009793663676897291, 'weight_decay': 6.489800003437502e-06, 'sl_u0': 0.49604131216971425, 'sl_left_slope': 0.10813401920622426, 'sl_right_slope': 0.23794290858348688, 'sl_potential_kappa': 7.699138991161623, 'sl_potential_eps': 0.08913226177353606}. Best is trial 4 with value: 0.47256684115837083.
[I 2026-02-26 17:07:55,768] Trial 14 finished with value: 0.47266008412034194 and parameters: {'lr': 0.001409294030642824, 'weight_decay': 1.2297660068623619e-05, 'sl_u0': 0.8489758203739803, 'sl_left_slope': 0.8022739299338209, 'sl_right_slope': 2.6590338024967224, 'sl_potential_kappa': 7.255111575649849, 'sl_potential_eps': 0.005229521504935193}. Best is trial 4 with value: 0.47256684115837083.
[I 2026-02-26 17:13:25,103] Trial 15 finished with value: 0.47369546330275714 and parameters: {'lr': 0.0008371623317801152, 'weight_decay': 5.704815117647691e-08, 'sl_u0': 0.5992200162198468, 'sl_left_slope': 0.19826534216368236, 'sl_right_slope': 0.28244386135875077, 'sl_potential_kappa': 49.5225159224465, 'sl_potential_eps': 0.04245293622875936}. Best is trial 4 with value: 0.47256684115837083.
[I 2026-02-26 17:17:41,924] Trial 16 finished with value: 0.4803951803324686 and parameters: {'lr': 0.003117745849341379, 'weight_decay': 0.0002889656437275448, 'sl_u0': 0.8483096357756716, 'sl_left_slope': 0.1074489704943772, 'sl_right_slope': 2.2734417862843803, 'sl_potential_kappa': 9.554978101334857, 'sl_potential_eps': 0.0947748432255498}. Best is trial 4 with value: 0.47256684115837083.
[I 2026-02-26 17:21:56,915] Trial 17 finished with value: 0.4732009207664169 and parameters: {'lr': 0.000980532143162502, 'weight_decay': 2.685863862452385e-06, 'sl_u0': 0.4261713541050821, 'sl_left_slope': 8.494537565919362, 'sl_right_slope': 0.36698439340429767, 'sl_potential_kappa': 3.6650664657067122, 'sl_potential_eps': 0.00694271281135132}. Best is trial 4 with value: 0.47256684115837083.
[I 2026-02-26 17:26:08,438] Trial 18 finished with value: 0.47319379012276624 and parameters: {'lr': 0.0029057552976158793, 'weight_decay': 5.612217518044368e-08, 'sl_u0': 0.6293286660298155, 'sl_left_slope': 0.21129355147846723, 'sl_right_slope': 0.14861671303890245, 'sl_potential_kappa': 0.7332930834881244, 'sl_potential_eps': 0.14689516745990414}. Best is trial 4 with value: 0.47256684115837083.
[I 2026-02-26 17:30:30,869] Trial 19 finished with value: 0.47718141901264743 and parameters: {'lr': 0.0003563969409649356, 'weight_decay': 1.0381004846847991e-08, 'sl_u0': 0.8837598447362518, 'sl_left_slope': 0.48851542768455064, 'sl_right_slope': 0.5136671619310558, 'sl_potential_kappa': 14.472975957486542, 'sl_potential_eps': 0.030646535875952226}. Best is trial 4 with value: 0.47256684115837083.
[I 2026-02-26 17:34:48,670] Trial 20 finished with value: 0.47555062279493604 and parameters: {'lr': 0.001404038235897599, 'weight_decay': 0.00010651770583887694, 'sl_u0': 0.20228342430302082, 'sl_left_slope': 0.19645584192076768, 'sl_right_slope': 0.13971086499420587, 'sl_potential_kappa': 19.310714823778408, 'sl_potential_eps': 0.06352901385119313}. Best is trial 4 with value: 0.47256684115837083.
[I 2026-02-26 17:39:03,554] Trial 21 finished with value: 0.4729129865461774 and parameters: {'lr': 0.0015241767831214777, 'weight_decay': 2.0674461302080213e-05, 'sl_u0': 0.8966525754935791, 'sl_left_slope': 0.8294476153405086, 'sl_right_slope': 2.396354006529537, 'sl_potential_kappa': 6.946556425892953, 'sl_potential_eps': 0.008368263370457658}. Best is trial 4 with value: 0.47256684115837083.
[I 2026-02-26 17:43:21,688] Trial 22 finished with value: 0.4740306425400443 and parameters: {'lr': 0.0007306604028787645, 'weight_decay': 2.8239117455128894e-06, 'sl_u0': 0.7897303519935939, 'sl_left_slope': 0.7954971013615424, 'sl_right_slope': 2.053126236600794, 'sl_potential_kappa': 4.715824328146285, 'sl_potential_eps': 0.00668326838933636}. Best is trial 4 with value: 0.47256684115837083.
[I 2026-02-26 17:47:35,838] Trial 23 finished with value: 0.4813552795201934 and parameters: {'lr': 0.001221101795334477, 'weight_decay': 0.0005989309871765454, 'sl_u0': 0.6557332945837812, 'sl_left_slope': 0.3016234857557922, 'sl_right_slope': 4.266595204398849, 'sl_potential_kappa': 1.5152387882623364, 'sl_potential_eps': 0.0033755002142744936}. Best is trial 4 with value: 0.47256684115837083.
[I 2026-02-26 17:51:50,115] Trial 24 finished with value: 0.47319882224690635 and parameters: {'lr': 0.002359800883072139, 'weight_decay': 3.866126846858824e-08, 'sl_u0': 0.9501732295982295, 'sl_left_slope': 0.1559524637157049, 'sl_right_slope': 1.6154571401315458, 'sl_potential_kappa': 27.013822818072278, 'sl_potential_eps': 0.003598493508631048}. Best is trial 4 with value: 0.47256684115837083.
[I 2026-02-26 17:56:05,011] Trial 25 finished with value: 0.4781033911545046 and parameters: {'lr': 0.004720910861435393, 'weight_decay': 1.949379836410099e-06, 'sl_u0': 0.8218028447494531, 'sl_left_slope': 0.5819698452642013, 'sl_right_slope': 3.474489444087349, 'sl_potential_kappa': 9.269757995958695, 'sl_potential_eps': 0.0023035775884408098}. Best is trial 4 with value: 0.47256684115837083.
[I 2026-02-26 18:00:18,309] Trial 26 finished with value: 0.4898961914464055 and parameters: {'lr': 0.007453020588358875, 'weight_decay': 2.031016897251378e-07, 'sl_u0': 0.9059244406699796, 'sl_left_slope': 1.6405032693719306, 'sl_right_slope': 0.1825796163409145, 'sl_potential_kappa': 1.8533238203492626, 'sl_potential_eps': 0.02373572286554563}. Best is trial 4 with value: 0.47256684115837083.
[I 2026-02-26 18:04:28,767] Trial 27 finished with value: 0.47296019767661257 and parameters: {'lr': 0.0011815717425207558, 'weight_decay': 1.2427864316587612e-05, 'sl_u0': 0.5159902723677443, 'sl_left_slope': 0.32662446391592836, 'sl_right_slope': 0.5962262041805168, 'sl_potential_kappa': 13.913991248201622, 'sl_potential_eps': 0.01068348430567918}. Best is trial 4 with value: 0.47256684115837083.
[I 2026-02-26 18:08:41,501] Trial 28 finished with value: 0.4741253427720546 and parameters: {'lr': 0.0031660175767613146, 'weight_decay': 3.132178505620957e-08, 'sl_u0': 0.7046623809820871, 'sl_left_slope': 0.1515539801249965, 'sl_right_slope': 0.3199663707145239, 'sl_potential_kappa': 4.929573686111491, 'sl_potential_eps': 0.0011726450344565365}. Best is trial 4 with value: 0.47256684115837083.
[I 2026-02-26 18:12:53,518] Trial 29 finished with value: 0.4755962342092818 and parameters: {'lr': 0.0006023532759623041, 'weight_decay': 4.635887531883794e-05, 'sl_u0': 0.7537403208773744, 'sl_left_slope': 1.0094418453497682, 'sl_right_slope': 0.19230706991463303, 'sl_potential_kappa': 37.14389571254806, 'sl_potential_eps': 0.004944338244438278}. Best is trial 4 with value: 0.47256684115837083.
[I 2026-02-26 18:17:03,242] Trial 30 finished with value: 0.4876672364551894 and parameters: {'lr': 0.0004188826097649886, 'weight_decay': 0.0013101701174712066, 'sl_u0': 0.9285736986904559, 'sl_left_slope': 2.2740699322877074, 'sl_right_slope': 3.9894338872138713, 'sl_potential_kappa': 0.050090612389817143, 'sl_potential_eps': 0.0021507852153632547}. Best is trial 4 with value: 0.47256684115837083.
[I 2026-02-26 18:21:19,688] Trial 31 finished with value: 0.47279188328317284 and parameters: {'lr': 0.0019287511239386883, 'weight_decay': 2.261245632410082e-08, 'sl_u0': 0.9909776637868204, 'sl_left_slope': 0.27829891935542905, 'sl_right_slope': 0.10941237667834922, 'sl_potential_kappa': 44.507074037566625, 'sl_potential_eps': 0.04284265616944222}. Best is trial 4 with value: 0.47256684115837083.
[I 2026-02-26 18:25:33,704] Trial 32 finished with value: 0.47315320617747625 and parameters: {'lr': 0.0023277482771848716, 'weight_decay': 1.525047711805994e-08, 'sl_u0': 0.8423939834311971, 'sl_left_slope': 0.4151715199572035, 'sl_right_slope': 0.14430542356426002, 'sl_potential_kappa': 23.973206214815423, 'sl_potential_eps': 0.11592053998406468}. Best is trial 4 with value: 0.47256684115837083.
[I 2026-02-26 18:29:46,524] Trial 33 finished with value: 0.47255836853453503 and parameters: {'lr': 0.0016557201738811793, 'weight_decay': 6.084625858110399e-08, 'sl_u0': 0.9941901822952529, 'sl_left_slope': 0.13516326869351472, 'sl_right_slope': 0.11094315710810744, 'sl_potential_kappa': 13.938065629899537, 'sl_potential_eps': 0.05610519623532025}. Best is trial 33 with value: 0.47255836853453503.
[I 2026-02-26 18:34:01,582] Trial 34 finished with value: 0.47308675597769123 and parameters: {'lr': 0.00096723455453812, 'weight_decay': 1.155014601151288e-07, 'sl_u0': 0.6887031940585435, 'sl_left_slope': 0.13172676216421078, 'sl_right_slope': 0.19682797385225342, 'sl_potential_kappa': 13.171640969293742, 'sl_potential_eps': 0.17707173856552152}. Best is trial 33 with value: 0.47255836853453503.
[I 2026-02-26 18:38:15,480] Trial 35 finished with value: 0.47248736745627545 and parameters: {'lr': 0.0016747151648005985, 'weight_decay': 2.7330530255864164e-07, 'sl_u0': 0.8643392781257654, 'sl_left_slope': 0.158873646246953, 'sl_right_slope': 0.37722972520997916, 'sl_potential_kappa': 11.415546721755208, 'sl_potential_eps': 0.062334658454558683}. Best is trial 35 with value: 0.47248736745627545.
[I 2026-02-26 18:42:28,345] Trial 36 finished with value: 0.4767252219846031 and parameters: {'lr': 0.004077170913859885, 'weight_decay': 3.1434053618893306e-07, 'sl_u0': 0.9277561885298616, 'sl_left_slope': 0.10578167565076015, 'sl_right_slope': 0.2374237757719558, 'sl_potential_kappa': 19.263952926165658, 'sl_potential_eps': 0.02955809352705744}. Best is trial 35 with value: 0.47248736745627545.
[I 2026-02-26 18:46:39,429] Trial 37 finished with value: 0.4830009711386227 and parameters: {'lr': 0.005786710616157962, 'weight_decay': 7.614443632623875e-08, 'sl_u0': 0.40615274448693883, 'sl_left_slope': 0.16100851908534122, 'sl_right_slope': 0.3593879458037813, 'sl_potential_kappa': 2.630566493332234, 'sl_potential_eps': 0.060778646177845765}. Best is trial 35 with value: 0.47248736745627545.
[I 2026-02-26 18:50:52,839] Trial 38 finished with value: 0.4733957837722341 and parameters: {'lr': 0.002527665873273119, 'weight_decay': 9.82940145503449e-07, 'sl_u0': 0.7767062222842432, 'sl_left_slope': 0.23842468769453465, 'sl_right_slope': 0.1593088797648024, 'sl_potential_kappa': 11.315570965088497, 'sl_potential_eps': 0.06629552572004735}. Best is trial 35 with value: 0.47248736745627545.
[I 2026-02-26 18:55:03,028] Trial 39 finished with value: 0.4724768583267796 and parameters: {'lr': 0.0017148596635287745, 'weight_decay': 2.8363789882290406e-07, 'sl_u0': 0.5855458788651444, 'sl_left_slope': 0.14064460974811538, 'sl_right_slope': 0.45820676585445747, 'sl_potential_kappa': 0.7744052473977145, 'sl_potential_eps': 0.12182443822868962}. Best is trial 39 with value: 0.4724768583267796.
[I 2026-02-26 18:59:19,224] Trial 40 finished with value: 0.4740637236191427 and parameters: {'lr': 0.0007371832514156589, 'weight_decay': 2.9625124641195483e-07, 'sl_u0': 0.5639121017817638, 'sl_left_slope': 0.1451170417853295, 'sl_right_slope': 1.087384914495594, 'sl_potential_kappa': 0.7600169111916093, 'sl_potential_eps': 0.11263460856962869}. Best is trial 39 with value: 0.4724768583267796.
[I 2026-02-26 19:03:29,278] Trial 41 finished with value: 0.47248449981786006 and parameters: {'lr': 0.0017179339649266772, 'weight_decay': 1.1106650311454764e-07, 'sl_u0': 0.44289472966936594, 'sl_left_slope': 0.1285252769463744, 'sl_right_slope': 0.4394312305265723, 'sl_potential_kappa': 0.5805138606435737, 'sl_potential_eps': 0.07475399371703306}. Best is trial 39 with value: 0.4724768583267796.
[I 2026-02-26 19:07:41,852] Trial 42 finished with value: 0.47249422350062703 and parameters: {'lr': 0.0017194736673438525, 'weight_decay': 1.1147309133422053e-07, 'sl_u0': 0.4587466527576474, 'sl_left_slope': 0.1735352132427739, 'sl_right_slope': 0.4387550698204163, 'sl_potential_kappa': 0.7044853223197975, 'sl_potential_eps': 0.19866027148565873}. Best is trial 39 with value: 0.4724768583267796.
[I 2026-02-26 19:11:52,300] Trial 43 finished with value: 0.47259344229953865 and parameters: {'lr': 0.0011870218729227286, 'weight_decay': 9.680846689134481e-07, 'sl_u0': 0.44251574724866316, 'sl_left_slope': 0.18880897004174155, 'sl_right_slope': 0.6817095239007073, 'sl_potential_kappa': 0.6365381192400782, 'sl_potential_eps': 0.1327684135906449}. Best is trial 39 with value: 0.4724768583267796.
[I 2026-02-26 19:16:04,425] Trial 44 finished with value: 0.474729806279129 and parameters: {'lr': 0.003561566056768788, 'weight_decay': 1.778943370992334e-07, 'sl_u0': 0.34851067999292434, 'sl_left_slope': 0.1356131802663609, 'sl_right_slope': 0.403777089128636, 'sl_potential_kappa': 0.33069929704747336, 'sl_potential_eps': 0.08125529225365882}. Best is trial 39 with value: 0.4724768583267796.
[I 2026-02-26 19:20:16,157] Trial 45 finished with value: 0.4727445081077063 and parameters: {'lr': 0.0019030702475103674, 'weight_decay': 4.69372146571043e-07, 'sl_u0': 0.27840644204373527, 'sl_left_slope': 4.829146125352017, 'sl_right_slope': 0.8146067553171065, 'sl_potential_kappa': 0.5040872636698613, 'sl_potential_eps': 0.102252189098655}. Best is trial 39 with value: 0.4724768583267796.
[I 2026-02-26 19:24:30,655] Trial 46 finished with value: 0.4730539126784882 and parameters: {'lr': 0.0022870034246787467, 'weight_decay': 1.0931249815635504e-07, 'sl_u0': 0.4914965528667272, 'sl_left_slope': 0.12971581841522123, 'sl_right_slope': 0.4352013578495085, 'sl_potential_kappa': 1.1240172337196477, 'sl_potential_eps': 0.190332711133451}. Best is trial 39 with value: 0.4724768583267796.
[I 2026-02-26 19:28:40,259] Trial 47 finished with value: 0.472529412815449 and parameters: {'lr': 0.0016264279527970485, 'weight_decay': 9.346963131578532e-07, 'sl_u0': 0.36202419060803337, 'sl_left_slope': 0.23987091866880705, 'sl_right_slope': 1.1671339935788723, 'sl_potential_kappa': 0.2143122481389615, 'sl_potential_eps': 0.07172651839472029}. Best is trial 39 with value: 0.4724768583267796.
[I 2026-02-26 19:32:48,444] Trial 48 finished with value: 0.4725910504160711 and parameters: {'lr': 0.001155651692156171, 'weight_decay': 1.351462610198413e-06, 'sl_u0': 0.20799035260842313, 'sl_left_slope': 0.25137878193634, 'sl_right_slope': 1.2227659403380995, 'sl_potential_kappa': 0.22028632549089372, 'sl_potential_eps': 0.14903190132702615}. Best is trial 39 with value: 0.4724768583267796.
[I 2026-02-26 19:37:10,921] Trial 49 finished with value: 0.4733257594296094 and parameters: {'lr': 0.0026622088340135103, 'weight_decay': 5.7083517378797005e-06, 'sl_u0': 0.35533286952297416, 'sl_left_slope': 0.37364348573466594, 'sl_right_slope': 0.7966320602997029, 'sl_potential_kappa': 0.24276671242154743, 'sl_potential_eps': 0.07283973335411446}. Best is trial 39 with value: 0.4724768583267796.
[I 2026-02-26 19:41:25,685] Trial 50 finished with value: 0.4731004713687497 and parameters: {'lr': 0.0008806468732098474, 'weight_decay': 5.820244142410511e-07, 'sl_u0': 0.4576412194321463, 'sl_left_slope': 0.18154077783749117, 'sl_right_slope': 0.47373704060148086, 'sl_potential_kappa': 0.1497878356314456, 'sl_potential_eps': 0.034607368326964275}. Best is trial 39 with value: 0.4724768583267796.
