[I 2026-02-26 19:45:34,607] Trial 51 finished with value: 0.47259024047742465 and parameters: {'lr': 0.0016537317953546327, 'weight_decay': 2.7024387517137636e-07, 'sl_u0': 0.40376133670375913, 'sl_left_slope': 0.12210909069331218, 'sl_right_slope': 1.595703508102053, 'sl_potential_kappa': 0.9913628415407245, 'sl_potential_eps': 0.01946416430165278}. Best is trial 39 with value: 0.4724768583267796.
[I 2026-02-26 19:49:45,553] Trial 52 finished with value: 0.4723127241557074 and parameters: {'lr': 0.001582821933845363, 'weight_decay': 6.554037449269074e-08, 'sl_u0': 0.574066266893308, 'sl_left_slope': 0.1005922646825244, 'sl_right_slope': 0.2798500174918282, 'sl_potential_kappa': 0.4111753007767619, 'sl_potential_eps': 0.05497599024123426}. Best is trial 52 with value: 0.4723127241557074.
[I 2026-02-26 19:53:54,412] Trial 53 finished with value: 0.4722632982954207 and parameters: {'lr': 0.0013781398805477881, 'weight_decay': 1.0988857946080516e-07, 'sl_u0': 0.5808572474934083, 'sl_left_slope': 0.23719540731824856, 'sl_right_slope': 0.3125284329261335, 'sl_potential_kappa': 0.4455342002115304, 'sl_potential_eps': 0.09528866081665577}. Best is trial 53 with value: 0.4722632982954207.
[I 2026-02-26 19:58:02,129] Trial 54 finished with value: 0.47237029478940873 and parameters: {'lr': 0.0013439561124297635, 'weight_decay': 9.558097012835915e-08, 'sl_u0': 0.5591119983485877, 'sl_left_slope': 0.17380596892907002, 'sl_right_slope': 0.2848615069753973, 'sl_potential_kappa': 0.392415603598326, 'sl_potential_eps': 0.09081982561220268}. Best is trial 53 with value: 0.4722632982954207.
[I 2026-02-26 20:02:15,883] Trial 55 finished with value: 0.47227251236205164 and parameters: {'lr': 0.001330595862204148, 'weight_decay': 4.1669397689871667e-08, 'sl_u0': 0.5972714011126837, 'sl_left_slope': 0.1125719644145603, 'sl_right_slope': 0.2588696608806126, 'sl_potential_kappa': 0.5179236153149209, 'sl_potential_eps': 0.09399469391521963}. Best is trial 53 with value: 0.4722632982954207.
[I 2026-02-26 20:06:25,819] Trial 56 finished with value: 0.47283358128437375 and parameters: {'lr': 0.0010546382525112852, 'weight_decay': 3.6155553020116036e-08, 'sl_u0': 0.5739731315929764, 'sl_left_slope': 0.1025333899150605, 'sl_right_slope': 0.25638841541508184, 'sl_potential_kappa': 0.44155071823363745, 'sl_potential_eps': 0.09192386789816022}. Best is trial 53 with value: 0.4722632982954207.
[I 2026-02-26 20:10:34,569] Trial 57 finished with value: 0.47228451778512 and parameters: {'lr': 0.0013217162131518175, 'weight_decay': 7.24791733686869e-08, 'sl_u0': 0.6699152494969688, 'sl_left_slope': 0.10097710681216221, 'sl_right_slope': 0.29381090152197864, 'sl_potential_kappa': 0.4510720427919728, 'sl_potential_eps': 0.12160913344471094}. Best is trial 53 with value: 0.4722632982954207.
[I 2026-02-26 20:14:52,580] Trial 58 finished with value: 0.4723653600742697 and parameters: {'lr': 0.0013374013226815024, 'weight_decay': 3.047758305681784e-08, 'sl_u0': 0.6475949906693691, 'sl_left_slope': 0.20833862942968323, 'sl_right_slope': 0.3013001395845142, 'sl_potential_kappa': 0.41056819952965357, 'sl_potential_eps': 0.12615827996506337}. Best is trial 53 with value: 0.4722632982954207.
[I 2026-02-26 20:19:03,333] Trial 59 finished with value: 0.47451745481608554 and parameters: {'lr': 0.0006363914943841545, 'weight_decay': 2.300807041903533e-08, 'sl_u0': 0.6475158122666778, 'sl_left_slope': 0.10296850256090845, 'sl_right_slope': 0.30451791941500445, 'sl_potential_kappa': 0.14737733972769884, 'sl_potential_eps': 0.15744118440813198}. Best is trial 53 with value: 0.4722632982954207.
[I 2026-02-26 20:23:23,279] Trial 60 finished with value: 0.47237500804474786 and parameters: {'lr': 0.0013516550096184955, 'weight_decay': 4.37134752176136e-08, 'sl_u0': 0.6734152562249028, 'sl_left_slope': 15.403262332394823, 'sl_right_slope': 0.2826690151462079, 'sl_potential_kappa': 0.2789292270817569, 'sl_potential_eps': 0.09770377646254562}. Best is trial 53 with value: 0.4722632982954207.
[I 2026-02-26 20:27:38,651] Trial 61 finished with value: 0.4722320000850069 and parameters: {'lr': 0.0014069767704566216, 'weight_decay': 3.690237549101294e-08, 'sl_u0': 0.6175559441060872, 'sl_left_slope': 10.492170565083365, 'sl_right_slope': 0.21764861822935444, 'sl_potential_kappa': 0.2936150255076708, 'sl_potential_eps': 0.1003759016709682}. Best is trial 61 with value: 0.4722320000850069.
[I 2026-02-26 20:31:52,328] Trial 62 finished with value: 0.4724732255164121 and parameters: {'lr': 0.0013469048899942269, 'weight_decay': 7.512267793877572e-08, 'sl_u0': 0.6193368585394493, 'sl_left_slope': 19.38434956198723, 'sl_right_slope': 0.21798777484823753, 'sl_potential_kappa': 0.41145514959079404, 'sl_potential_eps': 0.1344893982008558}. Best is trial 61 with value: 0.4722320000850069.
[I 2026-02-26 20:36:08,017] Trial 63 finished with value: 0.4727278999308849 and parameters: {'lr': 0.002117272000999744, 'weight_decay': 2.242357953568462e-08, 'sl_u0': 0.5389826769930152, 'sl_left_slope': 10.637648848593185, 'sl_right_slope': 15.076411403431502, 'sl_potential_kappa': 0.32628372155041546, 'sl_potential_eps': 0.08838234599964612}. Best is trial 61 with value: 0.4722320000850069.
[I 2026-02-26 20:41:14,675] Trial 64 finished with value: 0.4736786656576355 and parameters: {'lr': 0.0008112176288303453, 'weight_decay': 3.085725581114676e-08, 'sl_u0': 0.7156107280684264, 'sl_left_slope': 3.784470606454477, 'sl_right_slope': 0.5640804920034814, 'sl_potential_kappa': 0.1767765920083212, 'sl_potential_eps': 0.050115975217818125}. Best is trial 61 with value: 0.4722320000850069.
[I 2026-02-26 20:45:36,472] Trial 65 finished with value: 0.4729783670258279 and parameters: {'lr': 0.0010428162544859727, 'weight_decay': 1.610253353944502e-08, 'sl_u0': 0.6127267968481218, 'sl_left_slope': 6.205733061425089, 'sl_right_slope': 0.324273784471829, 'sl_potential_kappa': 0.11931529432261648, 'sl_potential_eps': 0.10387254200801747}. Best is trial 61 with value: 0.4722320000850069.
[I 2026-02-26 20:49:46,714] Trial 66 finished with value: 0.47242434966005603 and parameters: {'lr': 0.0012564501409759925, 'weight_decay': 5.272946952801249e-08, 'sl_u0': 0.5254314838191665, 'sl_left_slope': 0.23459171327058093, 'sl_right_slope': 0.16756052237581356, 'sl_potential_kappa': 0.4977294136106652, 'sl_potential_eps': 0.15929805029798297}. Best is trial 61 with value: 0.4722320000850069.
[I 2026-02-26 20:54:07,378] Trial 67 finished with value: 0.5039857447188918 and parameters: {'lr': 0.0008980800413969093, 'weight_decay': 0.009426719909322303, 'sl_u0': 0.7418720076999904, 'sl_left_slope': 2.2486128316307723, 'sl_right_slope': 0.2597708655880506, 'sl_potential_kappa': 0.9554759856958265, 'sl_potential_eps': 0.07935779946051257}. Best is trial 61 with value: 0.4722320000850069.
[I 2026-02-26 20:58:15,629] Trial 68 finished with value: 0.4754572790015076 and parameters: {'lr': 0.0005005850799559956, 'weight_decay': 7.8368040226429e-08, 'sl_u0': 0.6514259024460095, 'sl_left_slope': 0.5780385792262531, 'sl_right_slope': 0.2110512271718377, 'sl_potential_kappa': 0.36828017945931, 'sl_potential_eps': 0.054400642187428364}. Best is trial 61 with value: 0.4722320000850069.
[I 2026-02-26 21:02:22,453] Trial 69 finished with value: 0.472348966975709 and parameters: {'lr': 0.00138963096651698, 'weight_decay': 1.4386435518834008e-08, 'sl_u0': 0.5505120516190134, 'sl_left_slope': 0.20640361540258353, 'sl_right_slope': 0.1327744080178013, 'sl_potential_kappa': 0.2894094628016829, 'sl_potential_eps': 0.040296379167576474}. Best is trial 61 with value: 0.4722320000850069.
[I 2026-02-26 21:06:30,625] Trial 70 finished with value: 0.4742169926501991 and parameters: {'lr': 0.0007265819426477505, 'weight_decay': 1.1048307963084443e-08, 'sl_u0': 0.49203320494802716, 'sl_left_slope': 1.723490914756735, 'sl_right_slope': 0.12009832513821986, 'sl_potential_kappa': 0.08437808572405434, 'sl_potential_eps': 0.03533681721622384}. Best is trial 61 with value: 0.4722320000850069.
[I 2026-02-26 21:10:38,897] Trial 71 finished with value: 0.47238476051394146 and parameters: {'lr': 0.001400543123655306, 'weight_decay': 2.9169784105306008e-08, 'sl_u0': 0.5582993077927971, 'sl_left_slope': 0.3355946445686901, 'sl_right_slope': 0.23915075459053675, 'sl_potential_kappa': 0.2722745243009617, 'sl_potential_eps': 0.11944630242787765}. Best is trial 61 with value: 0.4722320000850069.
[I 2026-02-26 21:14:49,088] Trial 72 finished with value: 0.4727077771356253 and parameters: {'lr': 0.0010705515098944189, 'weight_decay': 1.761458967489855e-07, 'sl_u0': 0.5920469751678772, 'sl_left_slope': 0.19013183895874067, 'sl_right_slope': 0.13608875995409908, 'sl_potential_kappa': 0.525865101237679, 'sl_potential_eps': 0.043053755864704606}. Best is trial 61 with value: 0.4722320000850069.
[I 2026-02-26 21:19:00,956] Trial 73 finished with value: 0.4726240759739271 and parameters: {'lr': 0.0020140373449464414, 'weight_decay': 1.6171277012371368e-08, 'sl_u0': 0.6308825577626749, 'sl_left_slope': 0.11542985615501423, 'sl_right_slope': 0.1797474847597251, 'sl_potential_kappa': 0.3944857875822114, 'sl_potential_eps': 0.08478836934584437}. Best is trial 61 with value: 0.4722320000850069.
[I 2026-02-26 21:23:11,901] Trial 74 finished with value: 0.47215008092030153 and parameters: {'lr': 0.0014504996402307344, 'weight_decay': 4.0508276526550636e-08, 'sl_u0': 0.6857513173450294, 'sl_left_slope': 0.2101849309154991, 'sl_right_slope': 0.35149274000847375, 'sl_potential_kappa': 1.2917810814954327, 'sl_potential_eps': 0.10950439575168318}. Best is trial 74 with value: 0.47215008092030153.
[I 2026-02-26 21:27:23,152] Trial 75 finished with value: 0.4722757705703234 and parameters: {'lr': 0.0014802101612121608, 'weight_decay': 1.0027464328174033e-08, 'sl_u0': 0.6749344331288987, 'sl_left_slope': 0.21796482143127566, 'sl_right_slope': 0.13210987630295146, 'sl_potential_kappa': 1.2328279665354904, 'sl_potential_eps': 0.13859564035982996}. Best is trial 74 with value: 0.47215008092030153.
[I 2026-02-26 21:31:34,560] Trial 76 finished with value: 0.47279778137172834 and parameters: {'lr': 0.00216167672174419, 'weight_decay': 1.1425758870584693e-08, 'sl_u0': 0.6828423374327662, 'sl_left_slope': 0.3158249415701181, 'sl_right_slope': 0.12356098635813817, 'sl_potential_kappa': 1.4854128046319217, 'sl_potential_eps': 0.10843738689755346}. Best is trial 74 with value: 0.47215008092030153.
[I 2026-02-26 21:35:46,133] Trial 77 finished with value: 0.504835742018798 and parameters: {'lr': 0.00011073994591315031, 'weight_decay': 5.541204290359074e-08, 'sl_u0': 0.7279052952735104, 'sl_left_slope': 0.4403868192759218, 'sl_right_slope': 0.10083671194861657, 'sl_potential_kappa': 1.2316272669780053, 'sl_potential_eps': 0.13804999561692646}. Best is trial 74 with value: 0.47215008092030153.
[I 2026-02-26 21:39:58,841] Trial 78 finished with value: 0.47231733116541624 and parameters: {'lr': 0.001517793339617242, 'weight_decay': 1.8919471852111955e-08, 'sl_u0': 0.6993329272627158, 'sl_left_slope': 0.2839750926699496, 'sl_right_slope': 0.16326847382799092, 'sl_potential_kappa': 0.8404940560168408, 'sl_potential_eps': 0.17024233445237325}. Best is trial 74 with value: 0.47215008092030153.
[I 2026-02-26 21:44:09,241] Trial 79 finished with value: 0.473624429280114 and parameters: {'lr': 0.0028292816648846355, 'weight_decay': 2.0998465158241828e-08, 'sl_u0': 0.6879258904945967, 'sl_left_slope': 0.2835779417841781, 'sl_right_slope': 0.16119568185913571, 'sl_potential_kappa': 2.057987751960887, 'sl_potential_eps': 0.16594459552727947}. Best is trial 74 with value: 0.47215008092030153.
[I 2026-02-26 21:48:21,945] Trial 80 finished with value: 0.4725077553124259 and parameters: {'lr': 0.0011445476043222937, 'weight_decay': 4.464607403507753e-08, 'sl_u0': 0.799515366829698, 'sl_left_slope': 0.7292235980651212, 'sl_right_slope': 0.3466067128720334, 'sl_potential_kappa': 0.871900436238151, 'sl_potential_eps': 0.1732682682600477}. Best is trial 74 with value: 0.47215008092030153.
[I 2026-02-26 21:52:36,772] Trial 81 finished with value: 0.4730887052824417 and parameters: {'lr': 0.0009422590936034222, 'weight_decay': 1.7698584757591018e-08, 'sl_u0': 0.7592041788274939, 'sl_left_slope': 0.22120012863246363, 'sl_right_slope': 0.19709605701388316, 'sl_potential_kappa': 0.6226637475598096, 'sl_potential_eps': 0.14315420810615445}. Best is trial 74 with value: 0.47215008092030153.
[I 2026-02-26 21:56:46,767] Trial 82 finished with value: 0.47235964209194514 and parameters: {'lr': 0.0014630535050660356, 'weight_decay': 1.3636675826958141e-08, 'sl_u0': 0.6015669500327618, 'sl_left_slope': 0.265603616970944, 'sl_right_slope': 0.12892307091726518, 'sl_potential_kappa': 1.1419225972869118, 'sl_potential_eps': 0.06627011751126827}. Best is trial 74 with value: 0.47215008092030153.
[I 2026-02-26 22:00:57,632] Trial 83 finished with value: 0.4722702559136268 and parameters: {'lr': 0.0015415544605048212, 'weight_decay': 6.956524314739311e-08, 'sl_u0': 0.7157563268762677, 'sl_left_slope': 0.15939317024447036, 'sl_right_slope': 0.14657689925690007, 'sl_potential_kappa': 2.361189255994527, 'sl_potential_eps': 0.1103223185845583}. Best is trial 74 with value: 0.47215008092030153.
[I 2026-02-26 22:05:08,492] Trial 84 finished with value: 0.47226357711963696 and parameters: {'lr': 0.0015223316365662284, 'weight_decay': 1.551895971956027e-07, 'sl_u0': 0.7097316711846219, 'sl_left_slope': 0.15476728315742197, 'sl_right_slope': 0.21377273776808445, 'sl_potential_kappa': 2.3684072561475884, 'sl_potential_eps': 0.11158061642309657}. Best is trial 74 with value: 0.47215008092030153.
[I 2026-02-26 22:09:20,315] Trial 85 finished with value: 0.472571852158306 and parameters: {'lr': 0.0018591564476510027, 'weight_decay': 1.536108430993639e-07, 'sl_u0': 0.6667007358931168, 'sl_left_slope': 0.11935497672755327, 'sl_right_slope': 0.2187897945888409, 'sl_potential_kappa': 2.4579806501540262, 'sl_potential_eps': 0.10889419555959577}. Best is trial 74 with value: 0.47215008092030153.
[I 2026-02-26 22:13:34,869] Trial 86 finished with value: 0.47225613491096474 and parameters: {'lr': 0.0015367245227386125, 'weight_decay': 7.091552869035378e-08, 'sl_u0': 0.7234225595630399, 'sl_left_slope': 0.1580712074393037, 'sl_right_slope': 0.18378739241209263, 'sl_potential_kappa': 4.066906985753486, 'sl_potential_eps': 0.12554991309518249}. Best is trial 74 with value: 0.47215008092030153.
[I 2026-02-26 22:17:50,261] Trial 87 finished with value: 0.4731336668933183 and parameters: {'lr': 0.002458292422198001, 'weight_decay': 8.006713753089555e-08, 'sl_u0': 0.8211389289039537, 'sl_left_slope': 0.1571381743513647, 'sl_right_slope': 0.18615126371233073, 'sl_potential_kappa': 5.8517047123277095, 'sl_potential_eps': 0.1193973078843483}. Best is trial 74 with value: 0.47215008092030153.
[I 2026-02-26 22:22:03,083] Trial 88 finished with value: 0.47269767538731716 and parameters: {'lr': 0.001860812541707385, 'weight_decay': 1.3927668033593318e-07, 'sl_u0': 0.7303417920079213, 'sl_left_slope': 1.2866824761740914, 'sl_right_slope': 7.198371314521893, 'sl_potential_kappa': 3.4934213238181178, 'sl_potential_eps': 0.09833318006459946}. Best is trial 74 with value: 0.47215008092030153.
[I 2026-02-26 22:26:19,156] Trial 89 finished with value: 0.4724844140286848 and parameters: {'lr': 0.0011593853003188305, 'weight_decay': 3.4613617167325696e-08, 'sl_u0': 0.7571097150512346, 'sl_left_slope': 0.14744711234828276, 'sl_right_slope': 0.14466053983902769, 'sl_potential_kappa': 4.120683634355004, 'sl_potential_eps': 0.07597770558557461}. Best is trial 74 with value: 0.47215008092030153.
[I 2026-02-26 22:30:30,239] Trial 90 finished with value: 0.47294279386108523 and parameters: {'lr': 0.0009921496296938308, 'weight_decay': 2.1780222893476959e-07, 'sl_u0': 0.7066560826984514, 'sl_left_slope': 0.1678547303831569, 'sl_right_slope': 0.23653279008566752, 'sl_potential_kappa': 2.6789370123461, 'sl_potential_eps': 0.14394406308329857}. Best is trial 74 with value: 0.47215008092030153.
[I 2026-02-26 22:34:40,623] Trial 91 finished with value: 0.4723763052843018 and parameters: {'lr': 0.0016063865755712192, 'weight_decay': 6.426764640739654e-08, 'sl_u0': 0.6305215280544332, 'sl_left_slope': 0.11883518002348167, 'sl_right_slope': 0.25644668480127114, 'sl_potential_kappa': 2.1146726274926873, 'sl_potential_eps': 0.11745317733436345}. Best is trial 74 with value: 0.47215008092030153.
[I 2026-02-26 22:38:48,266] Trial 92 finished with value: 0.4722956624790908 and parameters: {'lr': 0.0012139404119029095, 'weight_decay': 4.3007800784521545e-08, 'sl_u0': 0.7966940013810648, 'sl_left_slope': 0.10225919734078477, 'sl_right_slope': 0.3597874682965798, 'sl_potential_kappa': 3.070764874653742, 'sl_potential_eps': 0.19984807864743825}. Best is trial 74 with value: 0.47215008092030153.
[I 2026-02-26 22:43:04,538] Trial 93 finished with value: 0.4722347417930336 and parameters: {'lr': 0.0012621946836566462, 'weight_decay': 4.470586334698305e-08, 'sl_u0': 0.788062537002401, 'sl_left_slope': 0.14606867626150982, 'sl_right_slope': 0.3367529197501045, 'sl_potential_kappa': 1.6632575151923978, 'sl_potential_eps': 0.19315668619612986}. Best is trial 74 with value: 0.47215008092030153.
[I 2026-02-26 22:47:18,739] Trial 94 finished with value: 0.47241304637185616 and parameters: {'lr': 0.0014958388280542209, 'weight_decay': 1.0406041637513049e-07, 'sl_u0': 0.017613883645803408, 'sl_left_slope': 0.14204513260513651, 'sl_right_slope': 0.4044714959280005, 'sl_potential_kappa': 1.532674691828742, 'sl_potential_eps': 0.12757984301838232}. Best is trial 74 with value: 0.47215008092030153.
[I 2026-02-26 22:51:28,879] Trial 95 finished with value: 0.4734858462048853 and parameters: {'lr': 0.0008357942026651563, 'weight_decay': 3.5587573725211e-07, 'sl_u0': 0.7655455736606745, 'sl_left_slope': 0.18386982501544633, 'sl_right_slope': 0.6351393097712537, 'sl_potential_kappa': 1.3078085504226293, 'sl_potential_eps': 0.15137452806926552}. Best is trial 74 with value: 0.47215008092030153.
[I 2026-02-26 22:55:39,520] Trial 96 finished with value: 0.48492757581459695 and parameters: {'lr': 0.00020906195706206854, 'weight_decay': 2.509409713503023e-08, 'sl_u0': 0.7225142568390953, 'sl_left_slope': 0.22071047146112016, 'sl_right_slope': 0.4964893116337668, 'sl_potential_kappa': 1.820665619814401, 'sl_potential_eps': 0.09998133440449442}. Best is trial 74 with value: 0.47215008092030153.
[I 2026-02-26 22:59:53,157] Trial 97 finished with value: 0.4723416886839531 and parameters: {'lr': 0.0012581697613753102, 'weight_decay': 5.1171493205885013e-08, 'sl_u0': 0.6633143653442465, 'sl_left_slope': 0.16036165819864107, 'sl_right_slope': 0.1938872428798841, 'sl_potential_kappa': 2.2771195838507685, 'sl_potential_eps': 0.08394118338665127}. Best is trial 74 with value: 0.47215008092030153.
[I 2026-02-26 23:04:05,495] Trial 98 finished with value: 0.47262197014790674 and parameters: {'lr': 0.0010665419444343125, 'weight_decay': 1.4302028218002448e-07, 'sl_u0': 0.7772738256688773, 'sl_left_slope': 0.13041714781942992, 'sl_right_slope': 0.33644942224481145, 'sl_potential_kappa': 3.0190544061536593, 'sl_potential_eps': 0.13167114930943}. Best is trial 74 with value: 0.47215008092030153.
[I 2026-02-26 23:08:13,466] Trial 99 finished with value: 0.4726192490066109 and parameters: {'lr': 0.0020186825284006587, 'weight_decay': 3.669602578344762e-08, 'sl_u0': 0.8153137672241766, 'sl_left_slope': 0.35081829508051804, 'sl_right_slope': 0.21451144342354037, 'sl_potential_kappa': 4.4529831175294365, 'sl_potential_eps': 0.013117691294493847}. Best is trial 74 with value: 0.47215008092030153.
RESULT hybrid_bspline_sl potential_family=u_right_inverse_square best_trial_val_logloss= 0.472150 final_val_logloss= 0.472150 final_test_logloss= 0.467324
Wrote summary: journal/2026-02-26_hybrid_bspline_qcap_large_token_sl_i6_tune_400k_100t/results.json
Wrote checkpoint: journal/2026-02-26_hybrid_bspline_qcap_large_token_sl_i6_tune_400k_100t/checkpoint.json
