/home/alex/git/intfeat/.venv/lib/python3.12/site-packages/joblib/_multiprocessing_helpers.py:44: UserWarning: [Errno 13] Permission denied.  joblib will operate in serial mode
  warnings.warn("%s.  joblib will operate in serial mode" % (e,))

===== Variant: hybrid_bspline_sl =====
Loaded rows [0, 2000000) in 42.4s
Loaded rows [2000000, 2400000) in 10.8s
Tuning rows: train=2000000 val=400000 (full train=2000000, full val=400000)
[I 2026-02-22 22:45:44,051] A new study created in RDB with name: criteo_head2m_hybrid_i5_inverse_square_fixed_hybrid_bspline_sl
Study 'criteo_head2m_hybrid_i5_inverse_square_fixed_hybrid_bspline_sl': completed_before=0, target=100, running_now=100
/home/alex/git/intfeat/.venv/lib/python3.12/site-packages/torch/cuda/__init__.py:182: UserWarning: CUDA initialization: The NVIDIA driver on your system is too old (found version 11040). Please update your GPU driver by downloading and installing a new version from the URL: http://www.nvidia.com/Download/index.aspx Alternatively, go to: https://pytorch.org to install a PyTorch version that has been compiled with your version of the CUDA driver. (Triggered internally at /pytorch/c10/cuda/CUDAFunctions.cpp:109.)
  return torch._C._cuda_getDeviceCount() > 0
[I 2026-02-22 23:10:46,538] Trial 0 finished with value: 0.48605772070897235 and parameters: {'lr': 0.0005611516415334506, 'weight_decay': 0.005061576888752304}. Best is trial 0 with value: 0.48605772070897235.
[I 2026-02-22 23:27:02,039] Trial 1 finished with value: 0.4597692742306524 and parameters: {'lr': 0.0029106359131330704, 'weight_decay': 3.90796715682288e-05}. Best is trial 1 with value: 0.4597692742306524.
[I 2026-02-22 23:41:00,048] Trial 2 finished with value: 0.4554525668153168 and parameters: {'lr': 0.0002051338263087451, 'weight_decay': 8.62913219007185e-08}. Best is trial 2 with value: 0.4554525668153168.
[I 2026-02-22 23:58:52,935] Trial 3 finished with value: 0.47457527101639 and parameters: {'lr': 0.00013066739238053285, 'weight_decay': 0.0015741890047456662}. Best is trial 2 with value: 0.4554525668153168.
[I 2026-02-23 00:11:04,437] Trial 4 finished with value: 0.46263646410693426 and parameters: {'lr': 0.0015930522616241021, 'weight_decay': 0.00017718847354806813}. Best is trial 2 with value: 0.4554525668153168.
[I 2026-02-23 00:23:43,527] Trial 5 finished with value: 0.4905947296096921 and parameters: {'lr': 0.00010994335574766199, 'weight_decay': 0.006598711072054081}. Best is trial 2 with value: 0.4554525668153168.
[I 2026-02-23 00:35:36,311] Trial 6 finished with value: 0.47009537599118456 and parameters: {'lr': 0.004622589001020831, 'weight_decay': 1.879466824163843e-07}. Best is trial 2 with value: 0.4554525668153168.
[I 2026-02-23 00:47:32,958] Trial 7 finished with value: 0.45514530394245156 and parameters: {'lr': 0.0002310201887845295, 'weight_decay': 1.2601639723276798e-07}. Best is trial 7 with value: 0.45514530394245156.
[I 2026-02-23 00:59:29,849] Trial 8 finished with value: 0.45463829299547714 and parameters: {'lr': 0.0004059611610484307, 'weight_decay': 1.4077923139972383e-05}. Best is trial 8 with value: 0.45463829299547714.
[I 2026-02-23 01:11:22,225] Trial 9 finished with value: 0.45238167538040674 and parameters: {'lr': 0.0007309539835912913, 'weight_decay': 5.589524205217922e-07}. Best is trial 9 with value: 0.45238167538040674.
[I 2026-02-23 01:23:08,392] Trial 10 finished with value: 0.45239102026673783 and parameters: {'lr': 0.0011044508862778093, 'weight_decay': 1.45504464702849e-06}. Best is trial 9 with value: 0.45238167538040674.
[I 2026-02-23 01:35:02,303] Trial 11 finished with value: 0.45235910100668947 and parameters: {'lr': 0.0010866115799955207, 'weight_decay': 1.2053282859112384e-06}. Best is trial 11 with value: 0.45235910100668947.
[I 2026-02-23 01:46:53,136] Trial 12 finished with value: 0.4527061123795494 and parameters: {'lr': 0.0006228997444898865, 'weight_decay': 1.7120731126246332e-06}. Best is trial 11 with value: 0.45235910100668947.
[I 2026-02-23 01:58:51,265] Trial 13 finished with value: 0.45655956642677586 and parameters: {'lr': 0.002147891961306468, 'weight_decay': 1.2978816665896483e-08}. Best is trial 11 with value: 0.45235910100668947.
[I 2026-02-23 02:10:43,652] Trial 14 finished with value: 0.4833103734404394 and parameters: {'lr': 0.007832921114568405, 'weight_decay': 1.8054315928173363e-06}. Best is trial 11 with value: 0.45235910100668947.
[I 2026-02-23 02:22:34,961] Trial 15 finished with value: 0.4522551033533634 and parameters: {'lr': 0.0009855959069060437, 'weight_decay': 5.049780241852174e-07}. Best is trial 15 with value: 0.4522551033533634.
[I 2026-02-23 02:34:25,478] Trial 16 finished with value: 0.45234141094035835 and parameters: {'lr': 0.0010295961064345322, 'weight_decay': 2.8872260389329544e-08}. Best is trial 15 with value: 0.4522551033533634.
[I 2026-02-23 02:46:18,011] Trial 17 finished with value: 0.4542889110470582 and parameters: {'lr': 0.0003412704643142747, 'weight_decay': 1.2060394985145504e-08}. Best is trial 15 with value: 0.4522551033533634.
[I 2026-02-23 02:58:08,437] Trial 18 finished with value: 0.46378039453275005 and parameters: {'lr': 0.003311340591930186, 'weight_decay': 2.8313115177721644e-08}. Best is trial 15 with value: 0.4522551033533634.
[I 2026-02-23 03:10:04,389] Trial 19 finished with value: 0.45398568338553524 and parameters: {'lr': 0.0016504895729194196, 'weight_decay': 7.606479999764717e-06}. Best is trial 15 with value: 0.4522551033533634.
[I 2026-02-23 03:21:52,455] Trial 20 finished with value: 0.45225792061124653 and parameters: {'lr': 0.0008563518466475404, 'weight_decay': 6.744998479947123e-08}. Best is trial 15 with value: 0.4522551033533634.
[I 2026-02-23 03:33:46,458] Trial 21 finished with value: 0.45223997212507944 and parameters: {'lr': 0.0008657857585898337, 'weight_decay': 2.703534293892951e-07}. Best is trial 21 with value: 0.45223997212507944.
[I 2026-02-23 03:45:33,340] Trial 22 finished with value: 0.45247340281599085 and parameters: {'lr': 0.000687843612133061, 'weight_decay': 3.585397950464821e-07}. Best is trial 21 with value: 0.45223997212507944.
[I 2026-02-23 03:57:28,574] Trial 23 finished with value: 0.4531372190791951 and parameters: {'lr': 0.0013981376638615805, 'weight_decay': 6.064404714655283e-08}. Best is trial 21 with value: 0.45223997212507944.
[I 2026-02-23 04:09:23,225] Trial 24 finished with value: 0.45427564565713646 and parameters: {'lr': 0.00038152528009684927, 'weight_decay': 5.4860547805966015e-06}. Best is trial 21 with value: 0.45223997212507944.
[I 2026-02-23 04:21:15,965] Trial 25 finished with value: 0.4523088577495385 and parameters: {'lr': 0.0007762790298774388, 'weight_decay': 3.7120416499879087e-07}. Best is trial 21 with value: 0.45223997212507944.
[I 2026-02-23 04:33:10,453] Trial 26 finished with value: 0.457583860690062 and parameters: {'lr': 0.002348552604549994, 'weight_decay': 6.942153847694823e-08}. Best is trial 21 with value: 0.45223997212507944.
[I 2026-02-23 04:45:04,440] Trial 27 finished with value: 0.4529353226315743 and parameters: {'lr': 0.0005429201133222037, 'weight_decay': 2.2072033947375407e-07}. Best is trial 21 with value: 0.45223997212507944.
[I 2026-02-23 04:56:56,373] Trial 28 finished with value: 0.4547678881056962 and parameters: {'lr': 0.00027210110786671037, 'weight_decay': 7.023241296555705e-07}. Best is trial 21 with value: 0.45223997212507944.
[I 2026-02-23 05:08:56,156] Trial 29 finished with value: 0.45554105237095605 and parameters: {'lr': 0.0004799846565273468, 'weight_decay': 3.751200821083433e-05}. Best is trial 21 with value: 0.45223997212507944.
[I 2026-02-23 05:20:56,284] Trial 30 finished with value: 0.45249990351490627 and parameters: {'lr': 0.0008479164540500427, 'weight_decay': 3.9267641152489e-06}. Best is trial 21 with value: 0.45223997212507944.
[I 2026-02-23 05:32:52,896] Trial 31 finished with value: 0.45281221345238765 and parameters: {'lr': 0.0013109833200274285, 'weight_decay': 4.023737423369403e-07}. Best is trial 21 with value: 0.45223997212507944.
[I 2026-02-23 05:44:42,165] Trial 32 finished with value: 0.4522663652173852 and parameters: {'lr': 0.0008422246411748024, 'weight_decay': 3.850091978286372e-08}. Best is trial 21 with value: 0.45223997212507944.
[I 2026-02-23 05:56:44,352] Trial 33 finished with value: 0.45522990194808216 and parameters: {'lr': 0.0019008271669857686, 'weight_decay': 3.4591596281827866e-08}. Best is trial 21 with value: 0.45223997212507944.
[I 2026-02-23 06:08:33,185] Trial 34 finished with value: 0.45226128073915023 and parameters: {'lr': 0.0008428728740928136, 'weight_decay': 8.824235674738915e-08}. Best is trial 21 with value: 0.45223997212507944.
[I 2026-02-23 06:20:23,843] Trial 35 finished with value: 0.453060127748503 and parameters: {'lr': 0.0005158762637887437, 'weight_decay': 1.289078334088913e-07}. Best is trial 21 with value: 0.45223997212507944.
[I 2026-02-23 06:32:14,983] Trial 36 finished with value: 0.46361024927490224 and parameters: {'lr': 0.003327528914795919, 'weight_decay': 8.061175300921021e-08}. Best is trial 21 with value: 0.45223997212507944.
[I 2026-02-23 06:44:20,970] Trial 37 finished with value: 0.4720637975690865 and parameters: {'lr': 0.001277821746968243, 'weight_decay': 0.0009262400523003135}. Best is trial 21 with value: 0.45223997212507944.
[I 2026-02-23 06:56:16,477] Trial 38 finished with value: 0.45225044775192436 and parameters: {'lr': 0.0009320335519444261, 'weight_decay': 1.5290940406305477e-07}. Best is trial 21 with value: 0.45223997212507944.
[I 2026-02-23 07:08:08,051] Trial 39 finished with value: 0.4561692057348935 and parameters: {'lr': 0.00016070993859126334, 'weight_decay': 1.8870446556794879e-07}. Best is trial 21 with value: 0.45223997212507944.
[I 2026-02-23 07:21:46,421] Trial 40 finished with value: 0.4661272103091401 and parameters: {'lr': 0.0025057903664886193, 'weight_decay': 0.0002300321352421285}. Best is trial 21 with value: 0.45223997212507944.
[I 2026-02-23 07:33:55,593] Trial 41 finished with value: 0.4522502652305336 and parameters: {'lr': 0.0009754236168910795, 'weight_decay': 8.567929947362119e-07}. Best is trial 21 with value: 0.45223997212507944.
[I 2026-02-23 07:45:55,067] Trial 42 finished with value: 0.45334979982353657 and parameters: {'lr': 0.0015306414815218835, 'weight_decay': 2.9524363297057693e-06}. Best is trial 21 with value: 0.45223997212507944.
[I 2026-02-23 07:58:10,892] Trial 43 finished with value: 0.4522757421693913 and parameters: {'lr': 0.0010139427152928513, 'weight_decay': 8.987219085596484e-07}. Best is trial 21 with value: 0.45223997212507944.
[I 2026-02-23 08:10:29,214] Trial 44 finished with value: 0.4543734871329612 and parameters: {'lr': 0.0006655972312289728, 'weight_decay': 2.3591871670888046e-05}. Best is trial 21 with value: 0.45223997212507944.
[I 2026-02-23 08:23:00,264] Trial 45 finished with value: 0.45467613629569825 and parameters: {'lr': 0.0018165536281462464, 'weight_decay': 2.1346867068489997e-07}. Best is trial 21 with value: 0.45223997212507944.
[I 2026-02-23 08:35:39,577] Trial 46 finished with value: 0.4524729486999562 and parameters: {'lr': 0.001165844696937984, 'weight_decay': 7.284783601828355e-07}. Best is trial 21 with value: 0.45223997212507944.
[I 2026-02-23 08:48:52,165] Trial 47 finished with value: 0.4522311457869953 and parameters: {'lr': 0.000920831876205112, 'weight_decay': 4.3383530664974944e-07}. Best is trial 47 with value: 0.4522311457869953.
[I 2026-02-23 09:01:49,530] Trial 48 finished with value: 0.453524693743153 and parameters: {'lr': 0.00045865396949692594, 'weight_decay': 2.219021288135817e-06}. Best is trial 47 with value: 0.4522311457869953.
[I 2026-02-23 09:14:54,888] Trial 49 finished with value: 0.4527917463857327 and parameters: {'lr': 0.0005801975913243834, 'weight_decay': 4.0877971151860846e-07}. Best is trial 47 with value: 0.4522311457869953.
[I 2026-02-23 09:28:15,645] Trial 50 finished with value: 0.4550450813828314 and parameters: {'lr': 0.0002995702962708524, 'weight_decay': 1.2497463332009936e-05}. Best is trial 47 with value: 0.4522311457869953.
[I 2026-02-23 09:41:26,398] Trial 51 finished with value: 0.4522638519907526 and parameters: {'lr': 0.0009639187194974019, 'weight_decay': 1.6150342079701399e-07}. Best is trial 47 with value: 0.4522311457869953.
[I 2026-02-23 09:54:29,552] Trial 52 finished with value: 0.45227476609444306 and parameters: {'lr': 0.0009955207463195788, 'weight_decay': 1.220392694220663e-06}. Best is trial 47 with value: 0.4522311457869953.
[I 2026-02-23 10:07:25,038] Trial 53 finished with value: 0.4525600759122169 and parameters: {'lr': 0.0006567192181082188, 'weight_decay': 1.6122358180828798e-08}. Best is trial 47 with value: 0.4522311457869953.
[I 2026-02-23 10:20:21,065] Trial 54 finished with value: 0.4526536274732888 and parameters: {'lr': 0.0012362170134512923, 'weight_decay': 3.0772590768930476e-07}. Best is trial 47 with value: 0.4522311457869953.
[I 2026-02-23 10:33:06,160] Trial 55 finished with value: 0.4522563064004692 and parameters: {'lr': 0.000885830536415457, 'weight_decay': 4.4455669738349476e-08}. Best is trial 47 with value: 0.4522311457869953.
[I 2026-02-23 10:46:01,142] Trial 56 finished with value: 0.5177403822735804 and parameters: {'lr': 0.009827674611457336, 'weight_decay': 1.807134036919365e-08}. Best is trial 47 with value: 0.4522311457869953.
[I 2026-02-23 10:58:47,724] Trial 57 finished with value: 0.4536449265958628 and parameters: {'lr': 0.0015324135365524065, 'weight_decay': 4.627239799025004e-08}. Best is trial 47 with value: 0.4522311457869953.
[I 2026-02-23 11:11:44,203] Trial 58 finished with value: 0.4523386920186401 and parameters: {'lr': 0.0007558110705860804, 'weight_decay': 5.352677315386397e-07}. Best is trial 47 with value: 0.4522311457869953.
[I 2026-02-23 11:24:28,425] Trial 59 finished with value: 0.4539635161794665 and parameters: {'lr': 0.0003904564975085427, 'weight_decay': 1.1311227785454794e-07}. Best is trial 47 with value: 0.4522311457869953.
[I 2026-02-23 11:37:11,685] Trial 60 finished with value: 0.4522415775929336 and parameters: {'lr': 0.0009267914648004473, 'weight_decay': 1.0444974969068101e-06}. Best is trial 47 with value: 0.4522311457869953.
[I 2026-02-23 11:50:00,606] Trial 61 finished with value: 0.452256941642123 and parameters: {'lr': 0.0009462733477938162, 'weight_decay': 1.2697388549881931e-06}. Best is trial 47 with value: 0.4522311457869953.
[I 2026-02-23 12:02:44,806] Trial 62 finished with value: 0.4524201464607099 and parameters: {'lr': 0.0011112919960623812, 'weight_decay': 2.5332702304971645e-07}. Best is trial 47 with value: 0.4522311457869953.
[I 2026-02-23 12:15:31,092] Trial 63 finished with value: 0.4523934774876774 and parameters: {'lr': 0.0007260035745421528, 'weight_decay': 6.914806199479283e-07}. Best is trial 47 with value: 0.4522311457869953.
[I 2026-02-23 12:28:17,389] Trial 64 finished with value: 0.4528686869218387 and parameters: {'lr': 0.0005962302759704091, 'weight_decay': 2.809999904251071e-06}. Best is trial 47 with value: 0.4522311457869953.
[I 2026-02-23 12:40:50,885] Trial 65 finished with value: 0.4547366622925173 and parameters: {'lr': 0.001814405387089063, 'weight_decay': 1.192658654313778e-07}. Best is trial 47 with value: 0.4522311457869953.
[I 2026-02-23 12:53:28,315] Trial 66 finished with value: 0.4522619344592934 and parameters: {'lr': 0.0009164041236134455, 'weight_decay': 2.3974377449972315e-08}. Best is trial 47 with value: 0.4522311457869953.
[I 2026-02-23 13:07:56,821] Trial 67 finished with value: 0.4914540847594611 and parameters: {'lr': 0.0014374780779228588, 'weight_decay': 0.009656482791446288}. Best is trial 47 with value: 0.4522311457869953.
[I 2026-02-23 13:20:28,767] Trial 68 finished with value: 0.4538058100059653 and parameters: {'lr': 0.00044083074423525125, 'weight_decay': 4.481899353706216e-06}. Best is trial 47 with value: 0.4522311457869953.
[I 2026-02-23 13:33:01,602] Trial 69 finished with value: 0.4530175548437606 and parameters: {'lr': 0.0011224619230777182, 'weight_decay': 7.827334936997967e-06}. Best is trial 47 with value: 0.4522311457869953.
[I 2026-02-23 13:45:41,522] Trial 70 finished with value: 0.4523502804494838 and parameters: {'lr': 0.0007559371903288576, 'weight_decay': 9.81993716012399e-07}. Best is trial 47 with value: 0.4522311457869953.
[I 2026-02-23 13:58:04,495] Trial 71 finished with value: 0.45222790945677005 and parameters: {'lr': 0.0009059476803265977, 'weight_decay': 5.336677021259894e-07}. Best is trial 71 with value: 0.45222790945677005.
[I 2026-02-23 14:10:40,982] Trial 72 finished with value: 0.4522478558615963 and parameters: {'lr': 0.0008362834679684716, 'weight_decay': 5.17832222073949e-07}. Best is trial 71 with value: 0.45222790945677005.
[I 2026-02-23 14:23:06,396] Trial 73 finished with value: 0.4526748426643708 and parameters: {'lr': 0.001273891293651862, 'weight_decay': 1.725919796774777e-06}. Best is trial 71 with value: 0.45222790945677005.
[I 2026-02-23 14:35:46,054] Trial 74 finished with value: 0.4530030696796568 and parameters: {'lr': 0.0005288073206390693, 'weight_decay': 4.972518076630883e-07}. Best is trial 71 with value: 0.45222790945677005.
[I 2026-02-23 14:48:25,314] Trial 75 finished with value: 0.45265973199501547 and parameters: {'lr': 0.0006197488852206522, 'weight_decay': 3.2811659201947337e-07}. Best is trial 71 with value: 0.45222790945677005.
[I 2026-02-23 15:00:53,967] Trial 76 finished with value: 0.45230056867059326 and parameters: {'lr': 0.0007826386801912032, 'weight_decay': 6.174862875474093e-07}. Best is trial 71 with value: 0.45222790945677005.
[I 2026-02-23 15:13:28,363] Trial 77 finished with value: 0.4523878835647479 and parameters: {'lr': 0.0010823577017033848, 'weight_decay': 1.685938901594795e-07}. Best is trial 71 with value: 0.45222790945677005.
[I 2026-02-23 15:26:01,534] Trial 78 finished with value: 0.4529504703698728 and parameters: {'lr': 0.0013543087253898977, 'weight_decay': 2.6809521103784873e-07}. Best is trial 71 with value: 0.45222790945677005.
[I 2026-02-23 15:38:25,153] Trial 79 finished with value: 0.45250289259813764 and parameters: {'lr': 0.0006805086336396608, 'weight_decay': 9.312129420144816e-07}. Best is trial 71 with value: 0.45222790945677005.
[I 2026-02-23 15:50:45,187] Trial 80 finished with value: 0.4522306603889537 and parameters: {'lr': 0.0008792024240309108, 'weight_decay': 4.481420447608957e-07}. Best is trial 71 with value: 0.45222790945677005.
[I 2026-02-23 16:03:06,692] Trial 81 finished with value: 0.4523519637066642 and parameters: {'lr': 0.0008169757488435093, 'weight_decay': 2.1283874235966793e-06}. Best is trial 71 with value: 0.45222790945677005.
[I 2026-02-23 16:15:26,534] Trial 82 finished with value: 0.4522439479107401 and parameters: {'lr': 0.0009611513208080758, 'weight_decay': 4.6076116428618765e-07}. Best is trial 71 with value: 0.45222790945677005.
[I 2026-02-23 16:28:02,287] Trial 83 finished with value: 0.45223225543869705 and parameters: {'lr': 0.0009143108407420847, 'weight_decay': 3.7326131936343083e-07}. Best is trial 71 with value: 0.45222790945677005.
[I 2026-02-23 16:40:31,929] Trial 84 finished with value: 0.4525176927797191 and parameters: {'lr': 0.001179588278642359, 'weight_decay': 4.41548056742003e-07}. Best is trial 71 with value: 0.45222790945677005.
[I 2026-02-23 16:52:58,803] Trial 85 finished with value: 0.4537938839953189 and parameters: {'lr': 0.0016661209007074358, 'weight_decay': 1.3514720304449876e-06}. Best is trial 71 with value: 0.45222790945677005.
[I 2026-02-23 17:05:34,849] Trial 86 finished with value: 0.45228179061809487 and parameters: {'lr': 0.0010222393329062484, 'weight_decay': 8.521882764681778e-07}. Best is trial 71 with value: 0.45222790945677005.
[I 2026-02-23 17:18:15,291] Trial 87 finished with value: 0.45242680806114083 and parameters: {'lr': 0.0007094415346919165, 'weight_decay': 2.6970576232847507e-07}. Best is trial 71 with value: 0.45222790945677005.
[I 2026-02-23 17:30:03,441] Trial 88 finished with value: 0.4528432151399506 and parameters: {'lr': 0.0005658283467528381, 'weight_decay': 1.0143311965413669e-07}. Best is trial 71 with value: 0.45222790945677005.
[I 2026-02-23 17:41:55,261] Trial 89 finished with value: 0.45824273503823926 and parameters: {'lr': 0.0008659938346880745, 'weight_decay': 9.546539788700651e-05}. Best is trial 71 with value: 0.45222790945677005.
[I 2026-02-23 17:53:43,310] Trial 90 finished with value: 0.45310369571226344 and parameters: {'lr': 0.0005093399370464912, 'weight_decay': 5.568283243869045e-07}. Best is trial 71 with value: 0.45222790945677005.
[I 2026-02-23 18:05:22,214] Trial 91 finished with value: 0.4522477875543415 and parameters: {'lr': 0.000923531803061177, 'weight_decay': 1.6064126449105935e-07}. Best is trial 71 with value: 0.45222790945677005.
[I 2026-02-23 18:17:05,355] Trial 92 finished with value: 0.4523181988237827 and parameters: {'lr': 0.001035550360357251, 'weight_decay': 2.2120474250693608e-07}. Best is trial 71 with value: 0.45222790945677005.
[I 2026-02-23 18:29:03,287] Trial 93 finished with value: 0.4522738067259448 and parameters: {'lr': 0.000805552737408663, 'weight_decay': 3.7227628051710684e-07}. Best is trial 71 with value: 0.45222790945677005.
[I 2026-02-23 18:40:57,337] Trial 94 finished with value: 0.4522505625769432 and parameters: {'lr': 0.0009345740961064995, 'weight_decay': 1.57345095853913e-07}. Best is trial 71 with value: 0.45222790945677005.
[I 2026-02-23 18:52:44,840] Trial 95 finished with value: 0.4525799626680632 and parameters: {'lr': 0.000654531082981098, 'weight_decay': 1.1148737460592167e-06}. Best is trial 71 with value: 0.45222790945677005.
[I 2026-02-23 19:04:35,005] Trial 96 finished with value: 0.4532478002658214 and parameters: {'lr': 0.0014319418773209285, 'weight_decay': 5.7552945652429144e-08}. Best is trial 71 with value: 0.45222790945677005.
