[I 2026-02-23 19:16:24,597] Trial 97 finished with value: 0.4525665909626278 and parameters: {'lr': 0.0012139310059355749, 'weight_decay': 6.716251042880691e-07}. Best is trial 71 with value: 0.45222790945677005.
[I 2026-02-23 19:28:15,221] Trial 98 finished with value: 0.4522315900127052 and parameters: {'lr': 0.0008992326570243454, 'weight_decay': 3.601043388723164e-07}. Best is trial 71 with value: 0.45222790945677005.
[I 2026-02-23 19:40:07,504] Trial 99 finished with value: 0.47489098669931207 and parameters: {'lr': 0.005100625012298966, 'weight_decay': 8.156048169914988e-08}. Best is trial 71 with value: 0.45222790945677005.
Loaded rows [2400000, 2800000) in 11.0s
RESULT hybrid_bspline_sl best_trial_val_logloss= 0.452228 final_val_logloss= 0.452228 final_test_logloss= 0.456314

Wrote summary: /home/alex/git/intfeat/journal/2026-02-20_compare_qcap_large_token_train2m_lrwdonly_100t/runs/hybrid_inverse_square/results.json
