/home/alex/git/intfeat/.venv/lib/python3.12/site-packages/joblib/_multiprocessing_helpers.py:44: UserWarning: [Errno 13] Permission denied.  joblib will operate in serial mode
  warnings.warn("%s.  joblib will operate in serial mode" % (e,))
Loaded rows [0, 400000) in 7.7s
Loaded rows [400000, 800000) in 8.2s
Loaded rows [800000, 1200000) in 8.8s
[I 2026-02-24 20:04:39,138] A new study created in RDB with name: hybrid_bspline_qcap_large_token_sl_i5_dirichlet_right_400k_100t
Hybrid Optuna: variant=hybrid_bspline_sl hybrid_config=experiments/criteo_fwfm/config/model_hybrid_bspline_sl_i5_quantile_large_token_dirichlet_right.yaml hybrid_sl_columns=['I5'] potential_family=u_right_inverse_square completed_before=0 target=100 remaining=100
/home/alex/git/intfeat/.venv/lib/python3.12/site-packages/torch/cuda/__init__.py:182: UserWarning: CUDA initialization: The NVIDIA driver on your system is too old (found version 11040). Please update your GPU driver by downloading and installing a new version from the URL: http://www.nvidia.com/Download/index.aspx Alternatively, go to: https://pytorch.org to install a PyTorch version that has been compiled with your version of the CUDA driver. (Triggered internally at /pytorch/c10/cuda/CUDAFunctions.cpp:109.)
  return torch._C._cuda_getDeviceCount() > 0
[I 2026-02-24 20:08:54,900] Trial 0 finished with value: 0.4984427506625024 and parameters: {'lr': 0.0005611516415334506, 'weight_decay': 0.005061576888752304, 'sl_u0': 0.7319939418114051, 'sl_left_slope': 2.385234757844707, 'sl_right_slope': 0.22856175997064762, 'sl_potential_kappa': 0.14687692288164142, 'sl_potential_eps': 0.001360354613611808}. Best is trial 0 with value: 0.4984427506625024.
[I 2026-02-24 20:12:58,155] Trial 1 finished with value: 0.4795517311582773 and parameters: {'lr': 0.005399484409787433, 'weight_decay': 4.0428727350273306e-05, 'sl_u0': 0.7080725777960455, 'sl_left_slope': 0.11152328125494342, 'sl_right_slope': 17.052641538983092, 'sl_potential_kappa': 15.71440445420054, 'sl_potential_eps': 0.0030803400529839683}. Best is trial 1 with value: 0.4795517311582773.
[I 2026-02-24 20:17:00,567] Trial 2 finished with value: 0.481298932912218 and parameters: {'lr': 0.0002310201887845295, 'weight_decay': 1.2601639723276798e-07, 'sl_u0': 0.3042422429595377, 'sl_left_slope': 1.6124278458562613, 'sl_right_slope': 0.9860942908083906, 'sl_potential_kappa': 0.37381560311261497, 'sl_potential_eps': 0.025579488960947364}. Best is trial 1 with value: 0.4795517311582773.
[I 2026-02-24 20:21:06,963] Trial 3 finished with value: 0.48486350991448895 and parameters: {'lr': 0.00019010245319870352, 'weight_decay': 5.660670699258882e-07, 'sl_u0': 0.3663618432936917, 'sl_left_slope': 1.120548642504815, 'sl_right_slope': 6.407866261851015, 'sl_potential_kappa': 0.1986055363690956, 'sl_potential_eps': 0.015249965725213558}. Best is trial 1 with value: 0.4795517311582773.
[I 2026-02-24 20:25:12,767] Trial 4 finished with value: 0.4727969303153807 and parameters: {'lr': 0.0015304852121831463, 'weight_decay': 1.8997763474111273e-08, 'sl_u0': 0.6075448519014384, 'sl_left_slope': 0.24682044079890128, 'sl_right_slope': 0.14115155493448336, 'sl_potential_kappa': 35.12583169621077, 'sl_potential_eps': 0.16670486450654684}. Best is trial 4 with value: 0.4727969303153807.
[I 2026-02-24 20:29:17,749] Trial 5 finished with value: 0.476551933379408 and parameters: {'lr': 0.004138040112561018, 'weight_decay': 6.724850206557239e-07, 'sl_u0': 0.09767211400638387, 'sl_left_slope': 3.753537145233125, 'sl_right_slope': 1.0299214204601976, 'sl_potential_kappa': 0.11616751757695054, 'sl_potential_eps': 0.013785322267847979}. Best is trial 4 with value: 0.4727969303153807.
[I 2026-02-24 20:33:21,255] Trial 6 finished with value: 0.5094570464494773 and parameters: {'lr': 0.00011715937392307068, 'weight_decay': 0.0028570800750407216, 'sl_u0': 0.2587799816000169, 'sl_left_slope': 3.345674213696821, 'sl_right_slope': 0.5215026697411662, 'sl_potential_kappa': 1.8162434783383024, 'sl_potential_eps': 0.01811326544803337}. Best is trial 4 with value: 0.4727969303153807.
[I 2026-02-24 20:37:28,320] Trial 7 finished with value: 0.5061500636655822 and parameters: {'lr': 0.00023426581058204064, 'weight_decay': 0.006569128640939186, 'sl_u0': 0.7751328233611146, 'sl_left_slope': 14.514940016485882, 'sl_right_slope': 11.455777613940603, 'sl_potential_kappa': 3.1093523638845375, 'sl_potential_eps': 0.1322087706740562}. Best is trial 4 with value: 0.4727969303153807.
[I 2026-02-24 20:41:34,843] Trial 8 finished with value: 0.4889952510027366 and parameters: {'lr': 0.00015030900645056822, 'weight_decay': 1.499329805509153e-07, 'sl_u0': 0.045227288910538066, 'sl_left_slope': 0.5605248221933016, 'sl_right_slope': 0.7840758945457351, 'sl_potential_kappa': 0.3258495305588587, 'sl_potential_eps': 0.08071418522169696}. Best is trial 4 with value: 0.4727969303153807.
[I 2026-02-24 20:45:39,173] Trial 9 finished with value: 0.47520004088000717 and parameters: {'lr': 0.0005170191786366995, 'weight_decay': 4.848496183873288e-07, 'sl_u0': 0.5426960831582485, 'sl_left_slope': 0.2109943708194116, 'sl_right_slope': 7.012604000905364, 'sl_potential_kappa': 0.08368005083912887, 'sl_potential_eps': 0.1865762858779244}. Best is trial 4 with value: 0.4727969303153807.
[I 2026-02-24 20:50:17,140] Trial 10 finished with value: 0.472836980387891 and parameters: {'lr': 0.0018932456129667514, 'weight_decay': 1.086383341945677e-08, 'sl_u0': 0.9695371107878658, 'sl_left_slope': 0.37531452640771884, 'sl_right_slope': 0.10800876242367896, 'sl_potential_kappa': 26.421921028694218, 'sl_potential_eps': 0.04792875343626008}. Best is trial 4 with value: 0.4727969303153807.
[I 2026-02-24 20:55:28,802] Trial 11 finished with value: 0.47285653739567396 and parameters: {'lr': 0.0018877457901429107, 'weight_decay': 1.60631735494463e-08, 'sl_u0': 0.9966070454079584, 'sl_left_slope': 0.30358249719406444, 'sl_right_slope': 0.10472040116276916, 'sl_potential_kappa': 36.29449226572476, 'sl_potential_eps': 0.04657786857385769}. Best is trial 4 with value: 0.4727969303153807.
[I 2026-02-24 20:59:41,551] Trial 12 finished with value: 0.4727951220017933 and parameters: {'lr': 0.0018671386170153058, 'weight_decay': 1.1594371250142854e-08, 'sl_u0': 0.9926921151829708, 'sl_left_slope': 0.5242951417124376, 'sl_right_slope': 0.10420995125031055, 'sl_potential_kappa': 8.620484382653833, 'sl_potential_eps': 0.0662513411311241}. Best is trial 12 with value: 0.4727951220017933.
[I 2026-02-24 21:03:53,143] Trial 13 finished with value: 0.4937198029054307 and parameters: {'lr': 0.009793663676897291, 'weight_decay': 6.489800003437502e-06, 'sl_u0': 0.49604131216971425, 'sl_left_slope': 0.7982318895925578, 'sl_right_slope': 0.23794290858348688, 'sl_potential_kappa': 7.699138991161623, 'sl_potential_eps': 0.19582309742701834}. Best is trial 12 with value: 0.4727951220017933.
[I 2026-02-24 21:08:01,763] Trial 14 finished with value: 0.4732422524516945 and parameters: {'lr': 0.001409294030642824, 'weight_decay': 1.2297660068623619e-05, 'sl_u0': 0.8489691600119178, 'sl_left_slope': 0.10490268262820927, 'sl_right_slope': 2.6590338024967224, 'sl_potential_kappa': 7.054219309312264, 'sl_potential_eps': 0.0729231424013202}. Best is trial 12 with value: 0.4727951220017933.
[I 2026-02-24 21:12:19,309] Trial 15 finished with value: 0.4740511610519979 and parameters: {'lr': 0.0008371623317801152, 'weight_decay': 5.6801469191043286e-08, 'sl_u0': 0.5991931072698706, 'sl_left_slope': 0.20864717215550396, 'sl_right_slope': 0.28244386135875077, 'sl_potential_kappa': 49.497148867430624, 'sl_potential_eps': 0.005667954064397701}. Best is trial 12 with value: 0.4727951220017933.
[I 2026-02-24 21:16:28,933] Trial 16 finished with value: 0.48021197012707717 and parameters: {'lr': 0.003117745849341379, 'weight_decay': 0.0002889656437275448, 'sl_u0': 0.8483137731131245, 'sl_left_slope': 0.44043640379850607, 'sl_right_slope': 2.2734417862843803, 'sl_potential_kappa': 12.103364058311419, 'sl_potential_eps': 0.0947748432255498}. Best is trial 12 with value: 0.4727951220017933.
[I 2026-02-24 21:20:39,279] Trial 17 finished with value: 0.47359044059437916 and parameters: {'lr': 0.000980532143162502, 'weight_decay': 2.662683581578175e-06, 'sl_u0': 0.4261294894257942, 'sl_left_slope': 7.973541570487743, 'sl_right_slope': 0.36698439340429767, 'sl_potential_kappa': 3.8431619024126173, 'sl_potential_eps': 0.043933170345184715}. Best is trial 12 with value: 0.4727951220017933.
[I 2026-02-24 21:24:49,870] Trial 18 finished with value: 0.4740829307547504 and parameters: {'lr': 0.0029057552976158793, 'weight_decay': 5.612217518044368e-08, 'sl_u0': 0.6293286660298155, 'sl_left_slope': 0.79687122456223, 'sl_right_slope': 0.14861671303890245, 'sl_potential_kappa': 0.7332930834881244, 'sl_potential_eps': 0.006678313395117631}. Best is trial 12 with value: 0.4727951220017933.
[I 2026-02-24 21:29:08,329] Trial 19 finished with value: 0.47672320321825706 and parameters: {'lr': 0.0003563969409649356, 'weight_decay': 1.0379725096426574e-08, 'sl_u0': 0.8837643163121174, 'sl_left_slope': 0.19315224406890194, 'sl_right_slope': 0.5136671619310558, 'sl_potential_kappa': 24.331640215884867, 'sl_potential_eps': 0.03193047906789627}. Best is trial 12 with value: 0.4727951220017933.
[I 2026-02-24 21:33:15,999] Trial 20 finished with value: 0.47564540729223154 and parameters: {'lr': 0.001404038235897599, 'weight_decay': 0.00010651770583887694, 'sl_u0': 0.2022338423719141, 'sl_left_slope': 0.6759796954229175, 'sl_right_slope': 0.13971086499420587, 'sl_potential_kappa': 5.654688305822393, 'sl_potential_eps': 0.1319818398504248}. Best is trial 12 with value: 0.4727951220017933.
[I 2026-02-24 21:37:30,549] Trial 21 finished with value: 0.4729108514857088 and parameters: {'lr': 0.002164236466618825, 'weight_decay': 2.609042789772749e-08, 'sl_u0': 0.9681134392590974, 'sl_left_slope': 0.35149980026141975, 'sl_right_slope': 0.10087785550271931, 'sl_potential_kappa': 20.898821967646413, 'sl_potential_eps': 0.054991022898910676}. Best is trial 12 with value: 0.4727951220017933.
[I 2026-02-24 21:41:42,933] Trial 22 finished with value: 0.4728199168942709 and parameters: {'lr': 0.0015176218012577325, 'weight_decay': 1.1997596670634878e-08, 'sl_u0': 0.9614735803153457, 'sl_left_slope': 0.29500622227500334, 'sl_right_slope': 0.17514985304639913, 'sl_potential_kappa': 11.560462159509914, 'sl_potential_eps': 0.10887343528361723}. Best is trial 12 with value: 0.4727951220017933.
[I 2026-02-24 21:45:53,718] Trial 23 finished with value: 0.4739670211764615 and parameters: {'lr': 0.0008030387110402672, 'weight_decay': 1.7984163523090005e-07, 'sl_u0': 0.8942195295980337, 'sl_left_slope': 0.16098244206279783, 'sl_right_slope': 0.23699076465385807, 'sl_potential_kappa': 12.087480354924258, 'sl_potential_eps': 0.1264040920061355}. Best is trial 12 with value: 0.4727951220017933.
[I 2026-02-24 21:50:03,439] Trial 24 finished with value: 0.47307091236374954 and parameters: {'lr': 0.0011680443545463504, 'weight_decay': 3.866126846858824e-08, 'sl_u0': 0.7918010364999315, 'sl_left_slope': 0.2707827343222525, 'sl_right_slope': 0.16694719357655496, 'sl_potential_kappa': 1.8668430878814364, 'sl_potential_eps': 0.09340727551088296}. Best is trial 12 with value: 0.4727951220017933.
[I 2026-02-24 21:54:18,642] Trial 25 finished with value: 0.4904921588922802 and parameters: {'lr': 0.0071096396818662744, 'weight_decay': 1.496421910887249e-06, 'sl_u0': 0.636748792221429, 'sl_left_slope': 1.1617525926060988, 'sl_right_slope': 0.37510910178834966, 'sl_potential_kappa': 49.87044755319546, 'sl_potential_eps': 0.1891385383553444}. Best is trial 12 with value: 0.4727951220017933.
[I 2026-02-24 21:58:29,613] Trial 26 finished with value: 0.47366214967336095 and parameters: {'lr': 0.0027608739160409476, 'weight_decay': 8.359805391151717e-08, 'sl_u0': 0.9077087245124728, 'sl_left_slope': 0.5351145490597099, 'sl_right_slope': 0.1825796163409145, 'sl_potential_kappa': 11.532385715298227, 'sl_potential_eps': 0.028862668858791036}. Best is trial 12 with value: 0.4727951220017933.
[I 2026-02-24 22:02:38,505] Trial 27 finished with value: 0.4746944229285504 and parameters: {'lr': 0.0006158788054612975, 'weight_decay': 2.6366845177048382e-08, 'sl_u0': 0.7917593560757332, 'sl_left_slope': 0.16927775475036733, 'sl_right_slope': 1.855989899952121, 'sl_potential_kappa': 1.2014114213300815, 'sl_potential_eps': 0.0689345205621548}. Best is trial 12 with value: 0.4727951220017933.
[I 2026-02-24 22:06:48,221] Trial 28 finished with value: 0.4726532533595303 and parameters: {'lr': 0.0014963519494526785, 'weight_decay': 3.441262744608278e-07, 'sl_u0': 0.6972210585213909, 'sl_left_slope': 0.27211674001345365, 'sl_right_slope': 0.5163379785654918, 'sl_potential_kappa': 3.6519384298526627, 'sl_potential_eps': 0.10781167400319681}. Best is trial 28 with value: 0.4726532533595303.
[I 2026-02-24 22:10:56,660] Trial 29 finished with value: 0.47568419501147846 and parameters: {'lr': 0.000435302486002042, 'weight_decay': 2.5642265732796646e-07, 'sl_u0': 0.7178754558843938, 'sl_left_slope': 1.9018028111565912, 'sl_right_slope': 0.564064444065326, 'sl_potential_kappa': 3.5683905254451087, 'sl_potential_eps': 0.010304207691974392}. Best is trial 28 with value: 0.4726532533595303.
[I 2026-02-24 22:15:03,545] Trial 30 finished with value: 0.47888414407455976 and parameters: {'lr': 0.0045538323512410925, 'weight_decay': 2.5965721023198626e-06, 'sl_u0': 0.4648904701660933, 'sl_left_slope': 0.12405988456864964, 'sl_right_slope': 0.3481868072774126, 'sl_potential_kappa': 0.050090612389817143, 'sl_potential_eps': 0.0011236540963759877}. Best is trial 28 with value: 0.4726532533595303.
[I 2026-02-24 22:19:09,853] Trial 31 finished with value: 0.47281368043654104 and parameters: {'lr': 0.0013938159868722379, 'weight_decay': 2.7288117670166737e-08, 'sl_u0': 0.5575176515728075, 'sl_left_slope': 0.2762182782715605, 'sl_right_slope': 0.18240373049835182, 'sl_potential_kappa': 6.5656217560721535, 'sl_potential_eps': 0.11651509925264207}. Best is trial 28 with value: 0.4726532533595303.
[I 2026-02-24 22:23:19,203] Trial 32 finished with value: 0.47289822958955613 and parameters: {'lr': 0.0023277482771848716, 'weight_decay': 3.9352676923806926e-08, 'sl_u0': 0.5504863649298843, 'sl_left_slope': 0.48465673421268773, 'sl_right_slope': 0.27277281154519606, 'sl_potential_kappa': 5.440809976291762, 'sl_potential_eps': 0.15031796553005886}. Best is trial 28 with value: 0.4726532533595303.
[I 2026-02-24 22:27:27,227] Trial 33 finished with value: 0.473228737597499 and parameters: {'lr': 0.0011242157866582013, 'weight_decay': 8.79018948739132e-08, 'sl_u0': 0.4158582115864383, 'sl_left_slope': 0.2400556276377225, 'sl_right_slope': 0.13839710617565898, 'sl_potential_kappa': 1.1757024046605464, 'sl_potential_eps': 0.002037000158385144}. Best is trial 28 with value: 0.4726532533595303.
[I 2026-02-24 22:31:35,846] Trial 34 finished with value: 0.4743187568788229 and parameters: {'lr': 0.0007111477622568221, 'weight_decay': 2.5689099444956657e-07, 'sl_u0': 0.6753637985677385, 'sl_left_slope': 0.13048261530702449, 'sl_right_slope': 0.2137784945660376, 'sl_potential_kappa': 2.9537330347237223, 'sl_potential_eps': 0.05985590139911766}. Best is trial 28 with value: 0.4726532533595303.
[I 2026-02-24 22:35:48,771] Trial 35 finished with value: 0.4754131457169384 and parameters: {'lr': 0.00341888639089374, 'weight_decay': 2.1369152892176484e-08, 'sl_u0': 0.5547845428183137, 'sl_left_slope': 0.8538614104258142, 'sl_right_slope': 0.6576786070051921, 'sl_potential_kappa': 19.795510243250252, 'sl_potential_eps': 0.09454157209069808}. Best is trial 28 with value: 0.4726532533595303.
[I 2026-02-24 22:39:59,652] Trial 36 finished with value: 0.4728785406908925 and parameters: {'lr': 0.0016929802194316505, 'weight_decay': 9.699981733607656e-07, 'sl_u0': 0.3242733730996511, 'sl_left_slope': 0.38909729221709316, 'sl_right_slope': 0.3338005757602023, 'sl_potential_kappa': 7.743604242707536, 'sl_potential_eps': 0.03745965293602866}. Best is trial 28 with value: 0.4726532533595303.
[I 2026-02-24 22:44:09,686] Trial 37 finished with value: 0.47329683763320063 and parameters: {'lr': 0.0010537175876095797, 'weight_decay': 3.3564440373375806e-07, 'sl_u0': 0.6912577270687043, 'sl_left_slope': 0.16085832983978973, 'sl_right_slope': 1.1190724982777365, 'sl_potential_kappa': 2.0532946195532653, 'sl_potential_eps': 0.021368509030063897}. Best is trial 28 with value: 0.4726532533595303.
[I 2026-02-24 22:48:16,253] Trial 38 finished with value: 0.47295196015182134 and parameters: {'lr': 0.0023410224828719936, 'weight_decay': 1.0458179189034733e-07, 'sl_u0': 0.593307259530907, 'sl_left_slope': 1.212117504359302, 'sl_right_slope': 0.4787918208908866, 'sl_potential_kappa': 4.881345685644278, 'sl_potential_eps': 0.14542565617213823}. Best is trial 28 with value: 0.4726532533595303.
[I 2026-02-24 22:52:37,631] Trial 39 finished with value: 0.4920782324263446 and parameters: {'lr': 0.004689201754990205, 'weight_decay': 0.002039725868216327, 'sl_u0': 0.7519856209310262, 'sl_left_slope': 2.4137111529433066, 'sl_right_slope': 0.12578921256485656, 'sl_potential_kappa': 0.762476993743865, 'sl_potential_eps': 0.07178223000351805}. Best is trial 28 with value: 0.4726532533595303.
[I 2026-02-24 22:56:38,741] Trial 40 finished with value: 0.4777094965450396 and parameters: {'lr': 0.00031218068138692974, 'weight_decay': 2.9136726375470462e-08, 'sl_u0': 0.39132357310585686, 'sl_left_slope': 0.6689797409820067, 'sl_right_slope': 4.1616089064976975, 'sl_potential_kappa': 2.5375774522619223, 'sl_potential_eps': 0.10942666256150574}. Best is trial 28 with value: 0.4726532533595303.
[I 2026-02-24 23:00:43,228] Trial 41 finished with value: 0.47280831205792667 and parameters: {'lr': 0.001428299621579061, 'weight_decay': 1.0242937250981609e-08, 'sl_u0': 0.9495786432186333, 'sl_left_slope': 0.29007180427982787, 'sl_right_slope': 0.1872082044926744, 'sl_potential_kappa': 9.547327531311014, 'sl_potential_eps': 0.10836037403382691}. Best is trial 28 with value: 0.4726532533595303.
[I 2026-02-24 23:04:47,139] Trial 42 finished with value: 0.4729562328356983 and parameters: {'lr': 0.0012833154561502401, 'weight_decay': 1.8300093365254664e-08, 'sl_u0': 0.8279939854235249, 'sl_left_slope': 0.2620730182503578, 'sl_right_slope': 0.8193294073746938, 'sl_potential_kappa': 15.390438647982469, 'sl_potential_eps': 0.1686434258553875}. Best is trial 28 with value: 0.4726532533595303.
[I 2026-02-24 23:08:53,398] Trial 43 finished with value: 0.4728349048801618 and parameters: {'lr': 0.0018129868848254104, 'weight_decay': 6.206281208772151e-08, 'sl_u0': 0.9248885027217645, 'sl_left_slope': 0.3322227367058289, 'sl_right_slope': 0.2051272995794844, 'sl_potential_kappa': 32.781424672965656, 'sl_potential_eps': 0.12075530315891977}. Best is trial 28 with value: 0.4726532533595303.
[I 2026-02-24 23:12:58,343] Trial 44 finished with value: 0.4738360387443766 and parameters: {'lr': 0.0008973317296537863, 'weight_decay': 1.6290586594324718e-08, 'sl_u0': 0.476646020935941, 'sl_left_slope': 0.22440030118430482, 'sl_right_slope': 19.85650185618452, 'sl_potential_kappa': 7.556278820477508, 'sl_potential_eps': 0.08620849105844396}. Best is trial 28 with value: 0.4726532533595303.
[I 2026-02-24 23:17:06,978] Trial 45 finished with value: 0.4727667211156893 and parameters: {'lr': 0.0015616017927096086, 'weight_decay': 1.4438706614914456e-07, 'sl_u0': 0.6714365248808852, 'sl_left_slope': 0.44041880256099614, 'sl_right_slope': 0.12340173488255539, 'sl_potential_kappa': 16.127612083213613, 'sl_potential_eps': 0.06171435056548616}. Best is trial 28 with value: 0.4726532533595303.
[I 2026-02-24 23:21:12,430] Trial 46 finished with value: 0.47281213584623527 and parameters: {'lr': 0.0020804206377322133, 'weight_decay': 6.887543962052733e-07, 'sl_u0': 0.6642893850781499, 'sl_left_slope': 0.47024428714656163, 'sl_right_slope': 0.12096693560254802, 'sl_potential_kappa': 16.20549686235797, 'sl_potential_eps': 0.05823274226162983}. Best is trial 28 with value: 0.4726532533595303.
[I 2026-02-24 23:25:23,551] Trial 47 finished with value: 0.4728006982735729 and parameters: {'lr': 0.0016627875709001585, 'weight_decay': 1.6471455716334986e-07, 'sl_u0': 0.7260321996667707, 'sl_left_slope': 0.6445249278590691, 'sl_right_slope': 0.10177323967288916, 'sl_potential_kappa': 33.083255403541344, 'sl_potential_eps': 0.034843302785766965}. Best is trial 28 with value: 0.4726532533595303.
[I 2026-02-24 23:29:33,433] Trial 48 finished with value: 0.47506335133069105 and parameters: {'lr': 0.0034042929838884457, 'weight_decay': 8.425144342154936e-06, 'sl_u0': 0.730606233313344, 'sl_left_slope': 0.975217015740958, 'sl_right_slope': 0.10060926964867406, 'sl_potential_kappa': 28.968797971736166, 'sl_potential_eps': 0.03999451097444369}. Best is trial 28 with value: 0.4726532533595303.
[I 2026-02-24 23:33:43,062] Trial 49 finished with value: 0.4732937445374116 and parameters: {'lr': 0.0024374067415094776, 'weight_decay': 1.5362627105516607e-07, 'sl_u0': 0.6379911056620464, 'sl_left_slope': 1.6235034920537745, 'sl_right_slope': 0.14004456103982185, 'sl_potential_kappa': 33.57525728449885, 'sl_potential_eps': 0.023537032225844013}. Best is trial 28 with value: 0.4726532533595303.
[I 2026-02-24 23:37:54,029] Trial 50 finished with value: 0.47284850830916 and parameters: {'lr': 0.001676962973292991, 'weight_decay': 4.79927397361961e-07, 'sl_u0': 0.7564192526401726, 'sl_left_slope': 0.6663504185671911, 'sl_right_slope': 0.2879064538703279, 'sl_potential_kappa': 17.08676105183153, 'sl_potential_eps': 0.0152185649736415}. Best is trial 28 with value: 0.4726532533595303.
