[I 2026-02-24 23:41:59,302] Trial 51 finished with value: 0.4729729178564376 and parameters: {'lr': 0.001254425587693969, 'weight_decay': 5.433518757696814e-08, 'sl_u0': 0.8210313684170287, 'sl_left_slope': 0.40675559252326565, 'sl_right_slope': 0.12459713709324732, 'sl_potential_kappa': 9.550218404373599, 'sl_potential_eps': 0.0749671814826878}. Best is trial 28 with value: 0.4726532533595303.
[I 2026-02-24 23:46:08,235] Trial 52 finished with value: 0.4733772998773805 and parameters: {'lr': 0.001650327170773294, 'weight_decay': 1.9157892825499374e-05, 'sl_u0': 0.998493798555432, 'sl_left_slope': 0.5280640896226646, 'sl_right_slope': 0.15645435750567802, 'sl_potential_kappa': 38.695065540693804, 'sl_potential_eps': 0.05293081366529755}. Best is trial 28 with value: 0.4726532533595303.
[I 2026-02-24 23:50:17,622] Trial 53 finished with value: 0.47349936446869695 and parameters: {'lr': 0.0009990635717586325, 'weight_decay': 1.4081325833122515e-07, 'sl_u0': 0.5998420403400924, 'sl_left_slope': 0.33816928067423924, 'sl_right_slope': 0.22085623028064025, 'sl_potential_kappa': 24.5501203424578, 'sl_potential_eps': 0.03730243729447253}. Best is trial 28 with value: 0.4726532533595303.
[I 2026-02-24 23:54:24,238] Trial 54 finished with value: 0.47288022904429844 and parameters: {'lr': 0.0020429168897663046, 'weight_decay': 1.3301110784806307e-08, 'sl_u0': 0.8571074106921399, 'sl_left_slope': 0.6037017328058517, 'sl_right_slope': 0.11573303231639459, 'sl_potential_kappa': 9.629922028413318, 'sl_potential_eps': 0.16137758570552418}. Best is trial 28 with value: 0.4726532533595303.
[I 2026-02-24 23:58:26,765] Trial 55 finished with value: 0.4732488130388083 and parameters: {'lr': 0.0025969463757354403, 'weight_decay': 4.9211620517757745e-08, 'sl_u0': 0.9396109798461251, 'sl_left_slope': 0.18451405404513915, 'sl_right_slope': 0.1003688019785716, 'sl_potential_kappa': 4.061112580499498, 'sl_potential_eps': 0.06376927289762897}. Best is trial 28 with value: 0.4726532533595303.
[I 2026-02-25 00:02:35,013] Trial 56 finished with value: 0.47466572667331486 and parameters: {'lr': 0.0006592574201369609, 'weight_decay': 1.0501166726600321e-08, 'sl_u0': 0.5259993440360187, 'sl_left_slope': 7.986612974482756, 'sl_right_slope': 0.1747907324407371, 'sl_potential_kappa': 15.375695790215453, 'sl_potential_eps': 0.08481947206481406}. Best is trial 28 with value: 0.4726532533595303.
[I 2026-02-25 00:06:44,802] Trial 57 finished with value: 0.47424454731289545 and parameters: {'lr': 0.0007801431929836906, 'weight_decay': 2.37514283175977e-06, 'sl_u0': 0.6945283102707277, 'sl_left_slope': 0.4174838643993311, 'sl_right_slope': 0.41325963709619856, 'sl_potential_kappa': 41.07632736472343, 'sl_potential_eps': 0.04794568811314133}. Best is trial 28 with value: 0.4726532533595303.
[I 2026-02-25 00:10:52,115] Trial 58 finished with value: 0.4729030809102918 and parameters: {'lr': 0.0015173692244078362, 'weight_decay': 8.65266450865219e-08, 'sl_u0': 0.8769639678865349, 'sl_left_slope': 0.778059018423663, 'sl_right_slope': 0.2649782877594294, 'sl_potential_kappa': 22.62273113471825, 'sl_potential_eps': 0.0312476427467438}. Best is trial 28 with value: 0.4726532533595303.
[I 2026-02-25 00:14:57,520] Trial 59 finished with value: 0.4761732755727139 and parameters: {'lr': 0.003724666829619354, 'weight_decay': 5.19415602863152e-06, 'sl_u0': 0.18812563514871283, 'sl_left_slope': 0.14381510839126996, 'sl_right_slope': 0.1543544874313492, 'sl_potential_kappa': 9.60332730089398, 'sl_potential_eps': 0.010179812013896958}. Best is trial 28 with value: 0.4726532533595303.
[I 2026-02-25 00:19:01,568] Trial 60 finished with value: 0.4969528146405785 and parameters: {'lr': 0.00011549781704581292, 'weight_decay': 1.1418879525223063e-06, 'sl_u0': 0.7875007477861327, 'sl_left_slope': 0.31327236885347043, 'sl_right_slope': 1.3004284576166931, 'sl_potential_kappa': 19.15771258848802, 'sl_potential_eps': 0.10652753914742694}. Best is trial 28 with value: 0.4726532533595303.
[I 2026-02-25 00:23:12,635] Trial 61 finished with value: 0.47277331412143264 and parameters: {'lr': 0.001978838479481418, 'weight_decay': 5.566835320862337e-07, 'sl_u0': 0.6500201629146318, 'sl_left_slope': 0.44620142927608464, 'sl_right_slope': 0.12267861847737105, 'sl_potential_kappa': 14.796148951626478, 'sl_potential_eps': 0.05766255725740306}. Best is trial 28 with value: 0.4726532533595303.
[I 2026-02-25 00:27:15,025] Trial 62 finished with value: 0.4727206968216397 and parameters: {'lr': 0.0018002659114956761, 'weight_decay': 4.023044056158382e-07, 'sl_u0': 0.652786962265963, 'sl_left_slope': 0.21451760256409716, 'sl_right_slope': 0.1946828361257299, 'sl_potential_kappa': 13.799251227904275, 'sl_potential_eps': 0.08005288058119865}. Best is trial 28 with value: 0.4726532533595303.
[I 2026-02-25 00:31:25,458] Trial 63 finished with value: 0.4727488039039547 and parameters: {'lr': 0.0019069461973173951, 'weight_decay': 3.348979952337164e-07, 'sl_u0': 0.616287500752154, 'sl_left_slope': 0.2287165912612691, 'sl_right_slope': 0.1220261299827908, 'sl_potential_kappa': 14.22196302168037, 'sl_potential_eps': 0.0479227084594782}. Best is trial 28 with value: 0.4726532533595303.
[I 2026-02-25 00:35:33,892] Trial 64 finished with value: 0.47368764380402245 and parameters: {'lr': 0.0027154954216135696, 'weight_decay': 5.780099692390196e-07, 'sl_u0': 0.6114861764583299, 'sl_left_slope': 0.2136147249647266, 'sl_right_slope': 0.1353754733986544, 'sl_potential_kappa': 13.75200002496187, 'sl_potential_eps': 0.05040158810620149}. Best is trial 28 with value: 0.4726532533595303.
[I 2026-02-25 00:39:36,665] Trial 65 finished with value: 0.4726630011410998 and parameters: {'lr': 0.0019795795469620355, 'weight_decay': 3.935835289787603e-07, 'sl_u0': 0.5138942208874404, 'sl_left_slope': 0.2053600797027456, 'sl_right_slope': 0.21861826999588607, 'sl_potential_kappa': 4.576684413454029, 'sl_potential_eps': 0.19729874721866336}. Best is trial 28 with value: 0.4726532533595303.
[I 2026-02-25 00:43:41,460] Trial 66 finished with value: 0.47275385157468996 and parameters: {'lr': 0.0019187639800360172, 'weight_decay': 3.4769271640509543e-07, 'sl_u0': 0.5246260553705369, 'sl_left_slope': 0.10839106700258014, 'sl_right_slope': 0.31580533897393787, 'sl_potential_kappa': 4.679931840996818, 'sl_potential_eps': 0.07894241591479373}. Best is trial 28 with value: 0.4726532533595303.
[I 2026-02-25 00:47:41,677] Trial 67 finished with value: 0.47270465731247263 and parameters: {'lr': 0.001994121761240805, 'weight_decay': 3.44146490242768e-07, 'sl_u0': 0.5011940098682199, 'sl_left_slope': 0.1023582302764289, 'sl_right_slope': 0.3026422914887753, 'sl_potential_kappa': 4.51837039480654, 'sl_potential_eps': 0.19854363983249512}. Best is trial 28 with value: 0.4726532533595303.
[I 2026-02-25 00:51:45,241] Trial 68 finished with value: 0.484718074410812 and parameters: {'lr': 0.005994120185214194, 'weight_decay': 3.3820075960142706e-07, 'sl_u0': 0.4613667611775297, 'sl_left_slope': 0.10121524856405038, 'sl_right_slope': 0.4351767411320673, 'sl_potential_kappa': 5.206645848734642, 'sl_potential_eps': 0.19818273663750416}. Best is trial 28 with value: 0.4726532533595303.
[I 2026-02-25 00:55:46,703] Trial 69 finished with value: 0.4730029478738397 and parameters: {'lr': 0.001256164595005302, 'weight_decay': 1.62596861978313e-06, 'sl_u0': 0.5210510294782695, 'sl_left_slope': 0.12210202028116304, 'sl_right_slope': 0.3097747177933379, 'sl_potential_kappa': 4.220723118689078, 'sl_potential_eps': 0.13157207381399877}. Best is trial 28 with value: 0.4726532533595303.
[I 2026-02-25 00:59:49,080] Trial 70 finished with value: 0.4741138136989337 and parameters: {'lr': 0.002915387204358935, 'weight_decay': 2.324034391626181e-07, 'sl_u0': 0.5749691325761708, 'sl_left_slope': 0.1429201842107963, 'sl_right_slope': 0.6332374079805193, 'sl_potential_kappa': 2.3126547758482636, 'sl_potential_eps': 0.17628568250866977}. Best is trial 28 with value: 0.4726532533595303.
[I 2026-02-25 01:03:53,565] Trial 71 finished with value: 0.4726642636976385 and parameters: {'lr': 0.001909816942282257, 'weight_decay': 4.013562336419236e-07, 'sl_u0': 0.6524032737366041, 'sl_left_slope': 0.19132377906004008, 'sl_right_slope': 0.23995535664853174, 'sl_potential_kappa': 6.130910904710193, 'sl_potential_eps': 0.14634571539213392}. Best is trial 28 with value: 0.4726532533595303.
[I 2026-02-25 01:07:57,558] Trial 72 finished with value: 0.4728644764157724 and parameters: {'lr': 0.0023082694740118293, 'weight_decay': 3.988013728715424e-07, 'sl_u0': 0.5203320550211191, 'sl_left_slope': 0.19249414832661263, 'sl_right_slope': 0.2645594204733917, 'sl_potential_kappa': 3.072415675909961, 'sl_potential_eps': 0.13683907085325814}. Best is trial 28 with value: 0.4726532533595303.
[I 2026-02-25 01:11:59,670] Trial 73 finished with value: 0.4728976320812083 and parameters: {'lr': 0.0019040324165896924, 'weight_decay': 2.3992104742988656e-07, 'sl_u0': 0.43592678060089823, 'sl_left_slope': 0.11707602698868069, 'sl_right_slope': 0.24028154622931913, 'sl_potential_kappa': 6.056203783769695, 'sl_potential_eps': 0.15322234837292975}. Best is trial 28 with value: 0.4726532533595303.
[I 2026-02-25 01:16:03,734] Trial 74 finished with value: 0.4742880153107207 and parameters: {'lr': 0.0031851020759497807, 'weight_decay': 9.804226592971911e-07, 'sl_u0': 0.49114345619881994, 'sl_left_slope': 0.15121440886210993, 'sl_right_slope': 0.36118275682249484, 'sl_potential_kappa': 1.5238322639161095, 'sl_potential_eps': 0.07949172138986814}. Best is trial 28 with value: 0.4726532533595303.
[I 2026-02-25 01:20:06,435] Trial 75 finished with value: 0.4730239175940474 and parameters: {'lr': 0.00215628627427023, 'weight_decay': 7.932072360110923e-07, 'sl_u0': 0.6790907108999418, 'sl_left_slope': 0.18489785254552613, 'sl_right_slope': 12.761017425392312, 'sl_potential_kappa': 3.6492872368476252, 'sl_potential_eps': 0.10088376106191362}. Best is trial 28 with value: 0.4726532533595303.
[I 2026-02-25 01:24:11,748] Trial 76 finished with value: 0.4731563902811096 and parameters: {'lr': 0.0011267793642259223, 'weight_decay': 1.511774305258229e-06, 'sl_u0': 0.5769764659519498, 'sl_left_slope': 0.24824632658080623, 'sl_right_slope': 0.21764611991163096, 'sl_potential_kappa': 6.410995400407838, 'sl_potential_eps': 0.17366869866338722}. Best is trial 28 with value: 0.4726532533595303.
[I 2026-02-25 01:28:15,248] Trial 77 finished with value: 0.4729666440235362 and parameters: {'lr': 0.0013353469221939521, 'weight_decay': 3.872975998799627e-06, 'sl_u0': 0.6204515883581267, 'sl_left_slope': 0.1342219675801775, 'sl_right_slope': 0.30803545477727545, 'sl_potential_kappa': 2.7553053848719773, 'sl_potential_eps': 0.003847904844218645}. Best is trial 28 with value: 0.4726532533595303.
[I 2026-02-25 01:32:17,356] Trial 78 finished with value: 0.47278070194946153 and parameters: {'lr': 0.0017900449152626276, 'weight_decay': 4.0032315280702464e-07, 'sl_u0': 0.7079490688778068, 'sl_left_slope': 0.10043331643026301, 'sl_right_slope': 0.4178150904529737, 'sl_potential_kappa': 4.877097532868753, 'sl_potential_eps': 0.09051259571142718}. Best is trial 28 with value: 0.4726532533595303.
[I 2026-02-25 01:36:22,672] Trial 79 finished with value: 0.47624535870414914 and parameters: {'lr': 0.003977906916852368, 'weight_decay': 1.1554836019565064e-07, 'sl_u0': 0.6542985421657471, 'sl_left_slope': 0.1616140215958421, 'sl_right_slope': 0.2447906241647435, 'sl_potential_kappa': 0.2112268632995559, 'sl_potential_eps': 0.1222675729877238}. Best is trial 28 with value: 0.4726532533595303.
[I 2026-02-25 01:40:29,333] Trial 80 finished with value: 0.47280674092306973 and parameters: {'lr': 0.0015484820769463242, 'weight_decay': 1.9719950284853358e-07, 'sl_u0': 0.5791499740866461, 'sl_left_slope': 0.20731670052402032, 'sl_right_slope': 0.18557046976954933, 'sl_potential_kappa': 11.884851843111319, 'sl_potential_eps': 0.19861398581631376}. Best is trial 28 with value: 0.4726532533595303.
[I 2026-02-25 01:44:34,647] Trial 81 finished with value: 0.4728346553493134 and parameters: {'lr': 0.0021654438383528034, 'weight_decay': 3.02813994362532e-07, 'sl_u0': 0.6528595039686033, 'sl_left_slope': 0.2442866714152369, 'sl_right_slope': 0.20270254091299397, 'sl_potential_kappa': 4.46585238624117, 'sl_potential_eps': 0.06899289212513053}. Best is trial 28 with value: 0.4726532533595303.
[I 2026-02-25 01:48:42,224] Trial 82 finished with value: 0.47290271193153954 and parameters: {'lr': 0.0019709516516701916, 'weight_decay': 4.5113784572440425e-07, 'sl_u0': 0.6319511687986615, 'sl_left_slope': 0.11574008925528867, 'sl_right_slope': 0.16073858458038232, 'sl_potential_kappa': 8.13830105210357, 'sl_potential_eps': 0.04504996029384454}. Best is trial 28 with value: 0.4726532533595303.
[I 2026-02-25 01:52:48,986] Trial 83 finished with value: 0.4733115267129948 and parameters: {'lr': 0.0024856591013665426, 'weight_decay': 6.526636001285478e-07, 'sl_u0': 0.7521929221683998, 'sl_left_slope': 0.1763402852166078, 'sl_right_slope': 0.1179934811813043, 'sl_potential_kappa': 13.15597792977991, 'sl_potential_eps': 0.1462763817394481}. Best is trial 28 with value: 0.4726532533595303.
[I 2026-02-25 01:56:59,303] Trial 84 finished with value: 0.47370034800828537 and parameters: {'lr': 0.0009131770935227202, 'weight_decay': 8.406144895263669e-07, 'sl_u0': 0.5379135430052729, 'sl_left_slope': 0.3499015892073522, 'sl_right_slope': 0.14936361149352667, 'sl_potential_kappa': 3.4919976888756548, 'sl_potential_eps': 0.061399808743870216}. Best is trial 28 with value: 0.4726532533595303.
[I 2026-02-25 02:01:04,425] Trial 85 finished with value: 0.47294484783711016 and parameters: {'lr': 0.001497519407614922, 'weight_decay': 2.0971376396673494e-06, 'sl_u0': 0.36050298862799507, 'sl_left_slope': 0.29392862007014575, 'sl_right_slope': 0.18803581979819284, 'sl_potential_kappa': 6.923986665279184, 'sl_potential_eps': 0.0800058825416774}. Best is trial 28 with value: 0.4726532533595303.
[I 2026-02-25 02:05:08,021] Trial 86 finished with value: 0.4728208758898931 and parameters: {'lr': 0.0018669466420250154, 'weight_decay': 5.929920241496809e-07, 'sl_u0': 0.5019917331761008, 'sl_left_slope': 0.20696645718435674, 'sl_right_slope': 0.33016864301175475, 'sl_potential_kappa': 19.151950543140174, 'sl_potential_eps': 0.09958989776591846}. Best is trial 28 with value: 0.4726532533595303.
[I 2026-02-25 02:09:10,933] Trial 87 finished with value: 0.47444544235506764 and parameters: {'lr': 0.0030427612562534474, 'weight_decay': 1.196076461200812e-06, 'sl_u0': 0.0001198903610266644, 'sl_left_slope': 0.22900834613450102, 'sl_right_slope': 0.8439851426683899, 'sl_potential_kappa': 10.833422328732889, 'sl_potential_eps': 0.12323532162096384}. Best is trial 28 with value: 0.4726532533595303.
[I 2026-02-25 02:13:22,026] Trial 88 finished with value: 0.4731823238679019 and parameters: {'lr': 0.00119779061356525, 'weight_decay': 2.0188939053431516e-07, 'sl_u0': 0.6743071147078536, 'sl_left_slope': 17.75612137641821, 'sl_right_slope': 0.5803666663634068, 'sl_potential_kappa': 5.981739827526665, 'sl_potential_eps': 0.05540559872626717}. Best is trial 28 with value: 0.4726532533595303.
[I 2026-02-25 02:17:24,959] Trial 89 finished with value: 0.4732669444439786 and parameters: {'lr': 0.0026513035084648313, 'weight_decay': 1.1718564987867156e-07, 'sl_u0': 0.4510383661484603, 'sl_left_slope': 0.13034270885084007, 'sl_right_slope': 0.24748888365225413, 'sl_potential_kappa': 1.3904920662947202, 'sl_potential_eps': 0.15340464973500004}. Best is trial 28 with value: 0.4726532533595303.
[I 2026-02-25 02:21:28,019] Trial 90 finished with value: 0.47274825977487245 and parameters: {'lr': 0.0016104553292333778, 'weight_decay': 2.9873993488542986e-07, 'sl_u0': 0.5594826292311691, 'sl_left_slope': 0.17082257756317848, 'sl_right_slope': 0.4974814621573548, 'sl_potential_kappa': 1.8510070731418937, 'sl_potential_eps': 0.027073244828953187}. Best is trial 28 with value: 0.4726532533595303.
[I 2026-02-25 02:25:32,964] Trial 91 finished with value: 0.47267851251762494 and parameters: {'lr': 0.0016383067733124347, 'weight_decay': 3.1229235709583916e-07, 'sl_u0': 0.557867804317852, 'sl_left_slope': 0.16341717257561758, 'sl_right_slope': 0.5034231265940342, 'sl_potential_kappa': 0.8553291069233508, 'sl_potential_eps': 0.01940286651732758}. Best is trial 28 with value: 0.4726532533595303.
[I 2026-02-25 02:29:39,105] Trial 92 finished with value: 0.4726635348092491 and parameters: {'lr': 0.001642431188552873, 'weight_decay': 7.476378659147122e-08, 'sl_u0': 0.5590794194451978, 'sl_left_slope': 0.15929087674282544, 'sl_right_slope': 0.4859062730357621, 'sl_potential_kappa': 0.858290775887424, 'sl_potential_eps': 0.017625809959202526}. Best is trial 28 with value: 0.4726532533595303.
[I 2026-02-25 02:33:42,220] Trial 93 finished with value: 0.47279583677268655 and parameters: {'lr': 0.0014078257421354014, 'weight_decay': 2.77766101143915e-07, 'sl_u0': 0.5015402317672676, 'sl_left_slope': 0.16238990759970431, 'sl_right_slope': 0.738951629694486, 'sl_potential_kappa': 0.47619436707700863, 'sl_potential_eps': 0.012922009123559813}. Best is trial 28 with value: 0.4726532533595303.
[I 2026-02-25 02:37:44,726] Trial 94 finished with value: 0.47265067930172633 and parameters: {'lr': 0.0017200513527076548, 'weight_decay': 7.154095005970306e-08, 'sl_u0': 0.5692784102457329, 'sl_left_slope': 0.14156804593806585, 'sl_right_slope': 0.4928832500752499, 'sl_potential_kappa': 0.954386099774071, 'sl_potential_eps': 0.019001563763299575}. Best is trial 94 with value: 0.47265067930172633.
[I 2026-02-25 02:41:43,522] Trial 95 finished with value: 0.472588140747092 and parameters: {'lr': 0.001711146366251425, 'weight_decay': 6.918032107891065e-08, 'sl_u0': 0.5679351275204167, 'sl_left_slope': 0.15004981827198377, 'sl_right_slope': 0.509481171284692, 'sl_potential_kappa': 0.7869681052568523, 'sl_potential_eps': 0.01992236650781661}. Best is trial 95 with value: 0.472588140747092.
[I 2026-02-25 02:45:45,480] Trial 96 finished with value: 0.4731830565444794 and parameters: {'lr': 0.0011026162225269553, 'weight_decay': 6.766975843848846e-08, 'sl_u0': 0.5548022601127491, 'sl_left_slope': 0.14537983363656054, 'sl_right_slope': 0.4927316689873707, 'sl_potential_kappa': 0.8737184034885884, 'sl_potential_eps': 0.01873252334528396}. Best is trial 95 with value: 0.472588140747092.
[I 2026-02-25 02:49:46,945] Trial 97 finished with value: 0.4727044295349533 and parameters: {'lr': 0.0016766890251380079, 'weight_decay': 3.558363779662817e-08, 'sl_u0': 0.5914796834660653, 'sl_left_slope': 0.17440714969174936, 'sl_right_slope': 0.5712052922290966, 'sl_potential_kappa': 0.4673954105983915, 'sl_potential_eps': 0.025006404870433666}. Best is trial 95 with value: 0.472588140747092.
[I 2026-02-25 02:53:50,418] Trial 98 finished with value: 0.4727971167475394 and parameters: {'lr': 0.002172072123272652, 'weight_decay': 3.78388216635236e-08, 'sl_u0': 0.5935351386441721, 'sl_left_slope': 0.12992185187270164, 'sl_right_slope': 0.9147648076671514, 'sl_potential_kappa': 0.48230204546901806, 'sl_potential_eps': 0.018524328262731694}. Best is trial 95 with value: 0.472588140747092.
[I 2026-02-25 02:57:52,796] Trial 99 finished with value: 0.4727580174884549 and parameters: {'lr': 0.0017577322270930387, 'weight_decay': 7.70409417273476e-08, 'sl_u0': 0.4813069045912627, 'sl_left_slope': 0.19261175320629134, 'sl_right_slope': 1.0713692981848533, 'sl_potential_kappa': 0.8616809820813204, 'sl_potential_eps': 0.013117691294493847}. Best is trial 95 with value: 0.472588140747092.
RESULT hybrid_bspline_sl potential_family=u_right_inverse_square best_trial_val_logloss= 0.472588 final_val_logloss= 0.472588 final_test_logloss= 0.467606
Wrote summary: journal/2026-02-24_hybrid_bspline_qcap_large_token_sl_i5_dirichlet_right_400k_100t/results.json
Wrote checkpoint: journal/2026-02-24_hybrid_bspline_qcap_large_token_sl_i5_dirichlet_right_400k_100t/checkpoint.json
