/home/alex/git/intfeat/.venv/lib/python3.12/site-packages/joblib/_multiprocessing_helpers.py:44: UserWarning: [Errno 13] Permission denied.  joblib will operate in serial mode
  warnings.warn("%s.  joblib will operate in serial mode" % (e,))

===== Variant: bspline_integer_basis =====
Loaded rows [0, 2000000) in 45.8s
Loaded rows [2000000, 2400000) in 10.6s
Tuning rows: train=2000000 val=400000 (full train=2000000, full val=400000)
[I 2026-02-20 19:40:31,615] A new study created in RDB with name: criteo_head2m_bspline_qcap_large_bspline_integer_basis
Study 'criteo_head2m_bspline_qcap_large_bspline_integer_basis': completed_before=0, target=100, running_now=100
/home/alex/git/intfeat/.venv/lib/python3.12/site-packages/torch/cuda/__init__.py:182: UserWarning: CUDA initialization: The NVIDIA driver on your system is too old (found version 11040). Please update your GPU driver by downloading and installing a new version from the URL: http://www.nvidia.com/Download/index.aspx Alternatively, go to: https://pytorch.org to install a PyTorch version that has been compiled with your version of the CUDA driver. (Triggered internally at /pytorch/c10/cuda/CUDAFunctions.cpp:109.)
  return torch._C._cuda_getDeviceCount() > 0
[I 2026-02-20 20:00:22,718] Trial 0 finished with value: 0.48558436334986327 and parameters: {'lr': 0.0005611516415334506, 'weight_decay': 0.005061576888752304}. Best is trial 0 with value: 0.48558436334986327.
[I 2026-02-20 20:13:29,047] Trial 1 finished with value: 0.45985705398243887 and parameters: {'lr': 0.0029106359131330704, 'weight_decay': 3.90796715682288e-05}. Best is trial 1 with value: 0.45985705398243887.
[I 2026-02-20 20:32:44,897] Trial 2 finished with value: 0.45530640758534136 and parameters: {'lr': 0.0002051338263087451, 'weight_decay': 8.62913219007185e-08}. Best is trial 2 with value: 0.45530640758534136.
[I 2026-02-20 20:47:23,135] Trial 3 finished with value: 0.4752787062095954 and parameters: {'lr': 0.00013066739238053285, 'weight_decay': 0.0015741890047456662}. Best is trial 2 with value: 0.45530640758534136.
[I 2026-02-20 20:59:45,277] Trial 4 finished with value: 0.4619860351380991 and parameters: {'lr': 0.0015930522616241021, 'weight_decay': 0.00017718847354806813}. Best is trial 2 with value: 0.45530640758534136.
[I 2026-02-20 21:14:47,017] Trial 5 finished with value: 0.49007858202403926 and parameters: {'lr': 0.00010994335574766199, 'weight_decay': 0.006598711072054081}. Best is trial 2 with value: 0.45530640758534136.
[I 2026-02-20 21:32:30,657] Trial 6 finished with value: 0.47001108099491584 and parameters: {'lr': 0.004622589001020831, 'weight_decay': 1.879466824163843e-07}. Best is trial 2 with value: 0.45530640758534136.
[I 2026-02-20 21:45:17,551] Trial 7 finished with value: 0.4549932530797503 and parameters: {'lr': 0.0002310201887845295, 'weight_decay': 1.2601639723276798e-07}. Best is trial 7 with value: 0.4549932530797503.
[I 2026-02-20 21:57:59,425] Trial 8 finished with value: 0.45437509722221736 and parameters: {'lr': 0.0004059611610484307, 'weight_decay': 1.4077923139972383e-05}. Best is trial 8 with value: 0.45437509722221736.
[I 2026-02-20 22:10:42,842] Trial 9 finished with value: 0.451601666166959 and parameters: {'lr': 0.0007309539835912913, 'weight_decay': 5.589524205217922e-07}. Best is trial 9 with value: 0.451601666166959.
[I 2026-02-20 22:23:49,788] Trial 10 finished with value: 0.4515199660264547 and parameters: {'lr': 0.0011044508862778093, 'weight_decay': 1.45504464702849e-06}. Best is trial 10 with value: 0.4515199660264547.
[I 2026-02-20 22:36:17,072] Trial 11 finished with value: 0.45148995242013623 and parameters: {'lr': 0.0010866115799955207, 'weight_decay': 1.2053282859112384e-06}. Best is trial 11 with value: 0.45148995242013623.
[I 2026-02-20 22:50:19,452] Trial 12 finished with value: 0.4526339935568566 and parameters: {'lr': 0.0015718058320945687, 'weight_decay': 1.7120731126246332e-06}. Best is trial 11 with value: 0.45148995242013623.
[I 2026-02-20 23:07:21,694] Trial 13 finished with value: 0.45196231406733134 and parameters: {'lr': 0.001248273285956575, 'weight_decay': 1.4617043796007074e-08}. Best is trial 11 with value: 0.45148995242013623.
[I 2026-02-20 23:24:29,952] Trial 14 finished with value: 0.48350622726632814 and parameters: {'lr': 0.007832921114568405, 'weight_decay': 2.0332854610200706e-06}. Best is trial 11 with value: 0.45148995242013623.
[I 2026-02-20 23:41:49,695] Trial 15 finished with value: 0.4566680767735554 and parameters: {'lr': 0.0027337623894788765, 'weight_decay': 4.3620960800445695e-06}. Best is trial 11 with value: 0.45148995242013623.
[I 2026-02-20 23:58:58,515] Trial 16 finished with value: 0.45350713748826754 and parameters: {'lr': 0.0008407931655574886, 'weight_decay': 2.2907004958659334e-05}. Best is trial 11 with value: 0.45148995242013623.
[I 2026-02-21 00:16:07,567] Trial 17 finished with value: 0.45858302143611906 and parameters: {'lr': 0.00035627541932854793, 'weight_decay': 0.0001274573145025316}. Best is trial 11 with value: 0.45148995242013623.
[I 2026-02-21 00:33:43,905] Trial 18 finished with value: 0.45689091061542886 and parameters: {'lr': 0.0023976227274240727, 'weight_decay': 1.2935807580227992e-08}. Best is trial 11 with value: 0.45148995242013623.
[I 2026-02-21 00:50:33,163] Trial 19 finished with value: 0.47424232327408056 and parameters: {'lr': 0.005923870959003158, 'weight_decay': 1.0282192593688795e-06}. Best is trial 11 with value: 0.45148995242013623.
[I 2026-02-21 01:07:20,135] Trial 20 finished with value: 0.45183846511741926 and parameters: {'lr': 0.0010611780689371332, 'weight_decay': 5.533530284234155e-06}. Best is trial 11 with value: 0.45148995242013623.
[I 2026-02-21 01:24:09,076] Trial 21 finished with value: 0.45149938691705405 and parameters: {'lr': 0.0007747895435830924, 'weight_decay': 4.435165595485228e-07}. Best is trial 11 with value: 0.45148995242013623.
[I 2026-02-21 01:41:05,363] Trial 22 finished with value: 0.45270032193379955 and parameters: {'lr': 0.0004957547237088648, 'weight_decay': 2.924605717612173e-07}. Best is trial 11 with value: 0.45148995242013623.
[I 2026-02-21 01:57:46,376] Trial 23 finished with value: 0.45162647634557784 and parameters: {'lr': 0.0007192589489835689, 'weight_decay': 4.103150967255846e-08}. Best is trial 11 with value: 0.45148995242013623.
[I 2026-02-21 02:14:20,287] Trial 24 finished with value: 0.454193506110474 and parameters: {'lr': 0.002004617910720449, 'weight_decay': 5.544888585065558e-07}. Best is trial 11 with value: 0.45148995242013623.
[I 2026-02-21 02:31:08,962] Trial 25 finished with value: 0.4517145193138351 and parameters: {'lr': 0.001162201594738018, 'weight_decay': 3.1735668424563583e-06}. Best is trial 11 with value: 0.45148995242013623.
[I 2026-02-21 02:48:03,377] Trial 26 finished with value: 0.45451154746033806 and parameters: {'lr': 0.0002814145272515245, 'weight_decay': 3.809355470817764e-08}. Best is trial 11 with value: 0.45148995242013623.
[I 2026-02-21 03:04:44,955] Trial 27 finished with value: 0.46527364799625703 and parameters: {'lr': 0.004160617933755996, 'weight_decay': 7.248086416278675e-07}. Best is trial 11 with value: 0.45148995242013623.
[I 2026-02-21 03:21:43,763] Trial 28 finished with value: 0.4571556706919365 and parameters: {'lr': 0.0016156515071903445, 'weight_decay': 5.6049990263641125e-05}. Best is trial 11 with value: 0.45148995242013623.
[I 2026-02-21 03:38:34,152] Trial 29 finished with value: 0.4531114753059806 and parameters: {'lr': 0.000534426982556265, 'weight_decay': 9.324291598736577e-06}. Best is trial 11 with value: 0.45148995242013623.
[I 2026-02-21 03:54:52,783] Trial 30 finished with value: 0.4518307012376489 and parameters: {'lr': 0.0006550431074312629, 'weight_decay': 3.3568419802575767e-07}. Best is trial 11 with value: 0.45148995242013623.
[I 2026-02-21 04:11:09,728] Trial 31 finished with value: 0.4514106233259408 and parameters: {'lr': 0.0009345884130938793, 'weight_decay': 1.5343755209379471e-06}. Best is trial 31 with value: 0.4514106233259408.
[I 2026-02-21 04:27:51,832] Trial 32 finished with value: 0.45142292440406 and parameters: {'lr': 0.000974741760481069, 'weight_decay': 1.658366678121097e-06}. Best is trial 31 with value: 0.4514106233259408.
[I 2026-02-21 04:44:16,151] Trial 33 finished with value: 0.4514170989917233 and parameters: {'lr': 0.000974603037999241, 'weight_decay': 9.147054028163517e-08}. Best is trial 31 with value: 0.4514106233259408.
[I 2026-02-21 05:00:27,388] Trial 34 finished with value: 0.4513984408017888 and parameters: {'lr': 0.0009282412871681738, 'weight_decay': 6.271331435694596e-08}. Best is trial 34 with value: 0.4513984408017888.
[I 2026-02-21 05:16:52,541] Trial 35 finished with value: 0.4526334466049983 and parameters: {'lr': 0.0005046790961060365, 'weight_decay': 5.658200953169572e-08}. Best is trial 34 with value: 0.4513984408017888.
[I 2026-02-21 05:33:03,345] Trial 36 finished with value: 0.45289169073439944 and parameters: {'lr': 0.0015226693243991852, 'weight_decay': 2.306645284436767e-08}. Best is trial 34 with value: 0.4513984408017888.
[I 2026-02-21 05:49:54,724] Trial 37 finished with value: 0.47421275791080336 and parameters: {'lr': 0.002018640820022256, 'weight_decay': 0.0009262400523003135}. Best is trial 34 with value: 0.4513984408017888.
[I 2026-02-21 06:06:27,528] Trial 38 finished with value: 0.4644870531545034 and parameters: {'lr': 0.003631412420163325, 'weight_decay': 1.170337079145599e-07}. Best is trial 34 with value: 0.4513984408017888.
[I 2026-02-21 06:23:14,737] Trial 39 finished with value: 0.4561065916479577 and parameters: {'lr': 0.00015946324834034258, 'weight_decay': 1.8870446556794879e-07}. Best is trial 34 with value: 0.4513984408017888.
[I 2026-02-21 06:39:49,559] Trial 40 finished with value: 0.4534182202316201 and parameters: {'lr': 0.00041629534958690246, 'weight_decay': 8.338013375659384e-08}. Best is trial 34 with value: 0.4513984408017888.
[I 2026-02-21 06:56:21,303] Trial 41 finished with value: 0.4514153526829769 and parameters: {'lr': 0.0008362381820207085, 'weight_decay': 2.1411508834175123e-07}. Best is trial 34 with value: 0.4513984408017888.
[I 2026-02-21 07:12:49,297] Trial 42 finished with value: 0.45140245853767874 and parameters: {'lr': 0.0009707210303446943, 'weight_decay': 1.9149221725667467e-07}. Best is trial 34 with value: 0.4513984408017888.
[I 2026-02-21 07:29:23,799] Trial 43 finished with value: 0.45205546049618656 and parameters: {'lr': 0.0005991040502911894, 'weight_decay': 1.7068544191737399e-07}. Best is trial 34 with value: 0.4513984408017888.
[I 2026-02-21 07:45:59,894] Trial 44 finished with value: 0.45139717199550944 and parameters: {'lr': 0.0008811563344761665, 'weight_decay': 7.609722991953479e-08}. Best is trial 44 with value: 0.45139717199550944.
[I 2026-02-21 08:02:53,890] Trial 45 finished with value: 0.45210337385438326 and parameters: {'lr': 0.0012986671214589708, 'weight_decay': 2.9390137260449308e-08}. Best is trial 44 with value: 0.45139717199550944.
[I 2026-02-21 08:20:01,161] Trial 46 finished with value: 0.4540852973269294 and parameters: {'lr': 0.000333606336214713, 'weight_decay': 6.728777763102438e-08}. Best is trial 44 with value: 0.45139717199550944.
[I 2026-02-21 08:37:23,477] Trial 47 finished with value: 0.45141048189329885 and parameters: {'lr': 0.0008663193556905433, 'weight_decay': 1.0041094146098728e-08}. Best is trial 44 with value: 0.45139717199550944.
[I 2026-02-21 08:49:46,292] Trial 48 finished with value: 0.45259132658637213 and parameters: {'lr': 0.0014414134869489392, 'weight_decay': 1.4549860231108195e-08}. Best is trial 44 with value: 0.45139717199550944.
[I 2026-02-21 09:02:04,819] Trial 49 finished with value: 0.4548195902031308 and parameters: {'lr': 0.0020219450031240776, 'weight_decay': 2.0419695501736604e-08}. Best is trial 44 with value: 0.45139717199550944.
[I 2026-02-21 09:14:24,173] Trial 50 finished with value: 0.45142560697241263 and parameters: {'lr': 0.0008403693297768839, 'weight_decay': 1.045907450157761e-08}. Best is trial 44 with value: 0.45139717199550944.
[I 2026-02-21 09:26:47,304] Trial 51 finished with value: 0.4513819374390674 and parameters: {'lr': 0.0009310379545034994, 'weight_decay': 2.570680331730719e-07}. Best is trial 51 with value: 0.4513819374390674.
[I 2026-02-21 09:39:06,826] Trial 52 finished with value: 0.4519423998428997 and parameters: {'lr': 0.0006256674960481986, 'weight_decay': 3.9593519923418735e-08}. Best is trial 51 with value: 0.4513819374390674.
[I 2026-02-21 09:51:28,392] Trial 53 finished with value: 0.4513917599967508 and parameters: {'lr': 0.0009298286262372229, 'weight_decay': 1.2335904559638353e-07}. Best is trial 51 with value: 0.4513819374390674.
[I 2026-02-21 10:04:04,662] Trial 54 finished with value: 0.4518117809120685 and parameters: {'lr': 0.0012094557426920798, 'weight_decay': 1.228192557571976e-07}. Best is trial 51 with value: 0.4513819374390674.
[I 2026-02-21 10:16:24,808] Trial 55 finished with value: 0.45343555393454554 and parameters: {'lr': 0.00041437456142279135, 'weight_decay': 6.955235706498487e-08}. Best is trial 51 with value: 0.4513819374390674.
[I 2026-02-21 10:28:44,733] Trial 56 finished with value: 0.45171746755306 and parameters: {'lr': 0.000688643970399257, 'weight_decay': 2.212042526462151e-08}. Best is trial 51 with value: 0.4513819374390674.
[I 2026-02-21 10:41:20,382] Trial 57 finished with value: 0.4523130782481205 and parameters: {'lr': 0.0014024699125042143, 'weight_decay': 2.882715343977093e-07}. Best is trial 51 with value: 0.4513819374390674.
[I 2026-02-21 10:53:46,602] Trial 58 finished with value: 0.4513791662076746 and parameters: {'lr': 0.0008986722195700843, 'weight_decay': 7.111241352134466e-07}. Best is trial 58 with value: 0.4513791662076746.
[I 2026-02-21 11:06:01,658] Trial 59 finished with value: 0.45145254009923635 and parameters: {'lr': 0.0010527174308287588, 'weight_decay': 6.169937688015554e-07}. Best is trial 58 with value: 0.4513791662076746.
[I 2026-02-21 11:18:24,527] Trial 60 finished with value: 0.4515717373806695 and parameters: {'lr': 0.0007528266627903882, 'weight_decay': 1.0064314864411872e-06}. Best is trial 58 with value: 0.4513791662076746.
[I 2026-02-21 11:30:40,444] Trial 61 finished with value: 0.4513980244382468 and parameters: {'lr': 0.0008874863411113689, 'weight_decay': 5.0621793090584216e-08}. Best is trial 58 with value: 0.4513791662076746.
[I 2026-02-21 11:42:57,608] Trial 62 finished with value: 0.45167939024528225 and parameters: {'lr': 0.001157545663512719, 'weight_decay': 1.6170183060562876e-07}. Best is trial 58 with value: 0.4513791662076746.
[I 2026-02-21 11:58:20,417] Trial 63 finished with value: 0.45399003259237625 and parameters: {'lr': 0.0018381768271496283, 'weight_decay': 5.189139737848805e-08}. Best is trial 58 with value: 0.4513791662076746.
[I 2026-02-21 12:16:44,936] Trial 64 finished with value: 0.45220520920651397 and parameters: {'lr': 0.0005691017556058315, 'weight_decay': 4.1866158441636767e-07}. Best is trial 58 with value: 0.4513791662076746.
[I 2026-02-21 12:35:26,846] Trial 65 finished with value: 0.4535629335895217 and parameters: {'lr': 0.0017318477993854436, 'weight_decay': 1.0243361562936166e-07}. Best is trial 58 with value: 0.4513791662076746.
[I 2026-02-21 12:54:51,682] Trial 66 finished with value: 0.45159096000998283 and parameters: {'lr': 0.0007321811377424803, 'weight_decay': 3.005445485493232e-07}. Best is trial 58 with value: 0.4513791662076746.
[I 2026-02-21 13:14:17,405] Trial 67 finished with value: 0.45573078620950713 and parameters: {'lr': 0.0025190969920898016, 'weight_decay': 2.9467824301261455e-06}. Best is trial 58 with value: 0.4513791662076746.
[I 2026-02-21 13:33:14,938] Trial 68 finished with value: 0.4531356990512732 and parameters: {'lr': 0.0004488915324221559, 'weight_decay': 8.010996789996978e-07}. Best is trial 58 with value: 0.4513791662076746.
[I 2026-02-21 13:52:11,964] Trial 69 finished with value: 0.451428636868231 and parameters: {'lr': 0.0009766580147008775, 'weight_decay': 3.4311103755553235e-08}. Best is trial 58 with value: 0.4513791662076746.
[I 2026-02-21 14:11:09,749] Trial 70 finished with value: 0.4522390931961581 and parameters: {'lr': 0.0013701739552246179, 'weight_decay': 2.053596358314987e-07}. Best is trial 58 with value: 0.4513791662076746.
[I 2026-02-21 14:27:40,939] Trial 71 finished with value: 0.45140031572107925 and parameters: {'lr': 0.0008797010351326945, 'weight_decay': 5.087585407475085e-08}. Best is trial 58 with value: 0.4513791662076746.
[I 2026-02-21 14:39:59,032] Trial 72 finished with value: 0.45139823278139773 and parameters: {'lr': 0.0008829779776191668, 'weight_decay': 6.034041887365595e-08}. Best is trial 58 with value: 0.4513791662076746.
[I 2026-02-21 14:53:51,287] Trial 73 finished with value: 0.45144223533949274 and parameters: {'lr': 0.0008178558962004819, 'weight_decay': 4.957555421148044e-08}. Best is trial 58 with value: 0.4513791662076746.
[I 2026-02-21 15:11:55,994] Trial 74 finished with value: 0.45177823072602347 and parameters: {'lr': 0.0011798003762499736, 'weight_decay': 2.516691665282473e-08}. Best is trial 58 with value: 0.4513791662076746.
[I 2026-02-21 15:30:10,819] Trial 75 finished with value: 0.4517189360469513 and parameters: {'lr': 0.0006871480510142961, 'weight_decay': 7.581205837890348e-08}. Best is trial 58 with value: 0.4513791662076746.
[I 2026-02-21 15:48:28,968] Trial 76 finished with value: 0.4522324747308293 and parameters: {'lr': 0.0005630399457981448, 'weight_decay': 1.017716261286323e-07}. Best is trial 58 with value: 0.4513791662076746.
[I 2026-02-21 16:06:45,016] Trial 77 finished with value: 0.4514033436533056 and parameters: {'lr': 0.0009193387674425779, 'weight_decay': 1.6373466919689342e-08}. Best is trial 58 with value: 0.4513791662076746.
[I 2026-02-21 16:25:00,549] Trial 78 finished with value: 0.4528100936381367 and parameters: {'lr': 0.00048362297738585895, 'weight_decay': 4.762913810689812e-08}. Best is trial 58 with value: 0.4513791662076746.
[I 2026-02-21 16:43:03,838] Trial 79 finished with value: 0.4515358072765748 and parameters: {'lr': 0.0011033083385269965, 'weight_decay': 4.072761649776851e-07}. Best is trial 58 with value: 0.4513791662076746.
[I 2026-02-21 17:01:15,701] Trial 80 finished with value: 0.45192151959744703 and parameters: {'lr': 0.0006304998431160286, 'weight_decay': 1.3645613932955756e-07}. Best is trial 58 with value: 0.4513791662076746.
[I 2026-02-21 17:19:25,292] Trial 81 finished with value: 0.4514560144840827 and parameters: {'lr': 0.0010302822254440844, 'weight_decay': 2.2891434303335286e-07}. Best is trial 58 with value: 0.4513791662076746.
[I 2026-02-21 17:38:31,094] Trial 82 finished with value: 0.4514785974314883 and parameters: {'lr': 0.0007887826919884283, 'weight_decay': 7.455352013464544e-08}. Best is trial 58 with value: 0.4513791662076746.
[I 2026-02-21 17:57:52,024] Trial 83 finished with value: 0.4513876968743127 and parameters: {'lr': 0.0009173071010537591, 'weight_decay': 1.4917133624405458e-07}. Best is trial 58 with value: 0.4513791662076746.
[I 2026-02-21 18:20:57,378] Trial 84 finished with value: 0.49025710829864855 and parameters: {'lr': 0.0012646806674882004, 'weight_decay': 0.00882807436199015}. Best is trial 58 with value: 0.4513791662076746.
[I 2026-02-21 18:42:52,822] Trial 85 finished with value: 0.4766361354227342 and parameters: {'lr': 0.0009246721331381081, 'weight_decay': 0.0016165612273358167}. Best is trial 58 with value: 0.4513791662076746.
[I 2026-02-21 18:55:56,212] Trial 86 finished with value: 0.4516304907925283 and parameters: {'lr': 0.0007180529083054125, 'weight_decay': 3.192970216416734e-08}. Best is trial 58 with value: 0.4513791662076746.
[I 2026-02-21 19:09:07,568] Trial 87 finished with value: 0.45140924639556346 and parameters: {'lr': 0.0008517105395169926, 'weight_decay': 9.31282557445913e-08}. Best is trial 58 with value: 0.4513791662076746.
[I 2026-02-21 19:25:24,268] Trial 88 finished with value: 0.4518810288531373 and parameters: {'lr': 0.000640816456073721, 'weight_decay': 1.4144589337721153e-07}. Best is trial 58 with value: 0.4513791662076746.
[I 2026-02-21 19:41:23,685] Trial 89 finished with value: 0.45314696745606603 and parameters: {'lr': 0.0015945480194692813, 'weight_decay': 5.55759871492383e-08}. Best is trial 58 with value: 0.4513791662076746.
[I 2026-02-21 19:55:49,320] Trial 90 finished with value: 0.45579309580090926 and parameters: {'lr': 0.0013407506194140367, 'weight_decay': 4.539006673267528e-05}. Best is trial 58 with value: 0.4513791662076746.
[I 2026-02-21 20:07:56,996] Trial 91 finished with value: 0.45141412639922784 and parameters: {'lr': 0.0009901529781489319, 'weight_decay': 2.1910283245117792e-07}. Best is trial 58 with value: 0.4513791662076746.
[I 2026-02-21 20:20:11,530] Trial 92 finished with value: 0.4513882834621605 and parameters: {'lr': 0.000908921759962364, 'weight_decay': 1.333670648234422e-07}. Best is trial 58 with value: 0.4513791662076746.
[I 2026-02-21 20:32:19,560] Trial 93 finished with value: 0.4515642402410037 and parameters: {'lr': 0.001091202342329572, 'weight_decay': 1.1616744427605879e-07}. Best is trial 58 with value: 0.4513791662076746.
[I 2026-02-21 20:44:40,829] Trial 94 finished with value: 0.4513828890635478 and parameters: {'lr': 0.0008803260147089574, 'weight_decay': 4.930071408478902e-07}. Best is trial 58 with value: 0.4513791662076746.
[I 2026-02-21 20:56:59,563] Trial 95 finished with value: 0.451491858330999 and parameters: {'lr': 0.0007815113479505056, 'weight_decay': 5.96441579980249e-07}. Best is trial 58 with value: 0.4513791662076746.
[I 2026-02-21 21:09:19,194] Trial 96 finished with value: 0.4971062165515242 and parameters: {'lr': 0.008874990983893912, 'weight_decay': 3.306366194723763e-07}. Best is trial 58 with value: 0.4513791662076746.
