[I 2026-02-21 21:21:46,110] Trial 97 finished with value: 0.4517107566534495 and parameters: {'lr': 0.001197829595504814, 'weight_decay': 4.5474536587978357e-07}. Best is trial 58 with value: 0.4513791662076746.
[I 2026-02-21 21:34:03,146] Trial 98 finished with value: 0.45238938700646825 and parameters: {'lr': 0.0005420366578160586, 'weight_decay': 1.0743483094958857e-06}. Best is trial 58 with value: 0.4513791662076746.
[I 2026-02-21 21:46:12,970] Trial 99 finished with value: 0.4515056181114083 and parameters: {'lr': 0.0007707293547871648, 'weight_decay': 2.533759396082162e-07}. Best is trial 58 with value: 0.4513791662076746.
Loaded rows [2400000, 2800000) in 10.5s
RESULT bspline_integer_basis best_trial_val_logloss= 0.451379 final_val_logloss= 0.451379 final_test_logloss= 0.455518

Wrote summary: /home/alex/git/intfeat/journal/2026-02-20_compare_qcap_large_token_train2m_lrwdonly_100t/runs/bspline/results.json
