[I 2026-02-22 20:52:57,324] Trial 97 finished with value: 0.45257981048065726 and parameters: {'lr': 0.0009813939374735143, 'weight_decay': 3.574192882059487e-07}. Best is trial 96 with value: 0.452539631364621.
[I 2026-02-22 21:07:39,976] Trial 98 finished with value: 0.46442522824807214 and parameters: {'lr': 0.0005668313627906102, 'weight_decay': 0.00043709377273622337}. Best is trial 96 with value: 0.452539631364621.
[I 2026-02-22 21:23:24,898] Trial 99 finished with value: 0.47443028534276166 and parameters: {'lr': 0.005100625012298966, 'weight_decay': 1.0545064877394384e-07}. Best is trial 96 with value: 0.452539631364621.
Loaded rows [2400000, 2800000) in 11.5s
RESULT hybrid_bspline_sl best_trial_val_logloss= 0.452540 final_val_logloss= 0.452540 final_test_logloss= 0.456731

Wrote summary: /home/alex/git/intfeat/journal/2026-02-20_compare_qcap_large_token_train2m_lrwdonly_100t/runs/hybrid_u_right/results.json
