/home/alex/git/intfeat/.venv/lib/python3.12/site-packages/joblib/_multiprocessing_helpers.py:44: UserWarning: [Errno 13] Permission denied.  joblib will operate in serial mode
  warnings.warn("%s.  joblib will operate in serial mode" % (e,))

===== Variant: hybrid_bspline_sl =====
Loaded rows [0, 2000000) in 37.6s
Loaded rows [2000000, 2400000) in 9.5s
Tuning rows: train=2000000 val=400000 (full train=2000000, full val=400000)
[I 2026-02-21 22:01:40,047] A new study created in RDB with name: criteo_head2m_hybrid_i5_u_right_fixed_hybrid_bspline_sl
Study 'criteo_head2m_hybrid_i5_u_right_fixed_hybrid_bspline_sl': completed_before=0, target=100, running_now=100
/home/alex/git/intfeat/.venv/lib/python3.12/site-packages/torch/cuda/__init__.py:182: UserWarning: CUDA initialization: The NVIDIA driver on your system is too old (found version 11040). Please update your GPU driver by downloading and installing a new version from the URL: http://www.nvidia.com/Download/index.aspx Alternatively, go to: https://pytorch.org to install a PyTorch version that has been compiled with your version of the CUDA driver. (Triggered internally at /pytorch/c10/cuda/CUDAFunctions.cpp:109.)
  return torch._C._cuda_getDeviceCount() > 0
[I 2026-02-21 22:28:33,899] Trial 0 finished with value: 0.48554092047162645 and parameters: {'lr': 0.0005611516415334506, 'weight_decay': 0.005061576888752304}. Best is trial 0 with value: 0.48554092047162645.
[I 2026-02-21 22:45:37,313] Trial 1 finished with value: 0.460147220930039 and parameters: {'lr': 0.0029106359131330704, 'weight_decay': 3.90796715682288e-05}. Best is trial 1 with value: 0.460147220930039.
[I 2026-02-21 22:57:11,409] Trial 2 finished with value: 0.45553625854973523 and parameters: {'lr': 0.0002051338263087451, 'weight_decay': 8.62913219007185e-08}. Best is trial 2 with value: 0.45553625854973523.
[I 2026-02-21 23:08:53,405] Trial 3 finished with value: 0.47478684247071595 and parameters: {'lr': 0.00013066739238053285, 'weight_decay': 0.0015741890047456662}. Best is trial 2 with value: 0.45553625854973523.
[I 2026-02-21 23:20:43,453] Trial 4 finished with value: 0.46277508940103185 and parameters: {'lr': 0.0015930522616241021, 'weight_decay': 0.00017718847354806813}. Best is trial 2 with value: 0.45553625854973523.
[I 2026-02-21 23:33:00,063] Trial 5 finished with value: 0.49022393198359293 and parameters: {'lr': 0.00010994335574766199, 'weight_decay': 0.006598711072054081}. Best is trial 2 with value: 0.45553625854973523.
[I 2026-02-21 23:44:28,483] Trial 6 finished with value: 0.4709009416436871 and parameters: {'lr': 0.004622589001020831, 'weight_decay': 1.879466824163843e-07}. Best is trial 2 with value: 0.45553625854973523.
[I 2026-02-21 23:56:02,979] Trial 7 finished with value: 0.45525353113469197 and parameters: {'lr': 0.0002310201887845295, 'weight_decay': 1.2601639723276798e-07}. Best is trial 7 with value: 0.45525353113469197.
[I 2026-02-22 00:07:31,067] Trial 8 finished with value: 0.4547318637440042 and parameters: {'lr': 0.0004059611610484307, 'weight_decay': 1.4077923139972383e-05}. Best is trial 8 with value: 0.4547318637440042.
[I 2026-02-22 00:19:01,359] Trial 9 finished with value: 0.45263957697002055 and parameters: {'lr': 0.0007309539835912913, 'weight_decay': 5.589524205217922e-07}. Best is trial 9 with value: 0.45263957697002055.
[I 2026-02-22 00:30:38,236] Trial 10 finished with value: 0.45273530037111775 and parameters: {'lr': 0.0011044508862778093, 'weight_decay': 1.45504464702849e-06}. Best is trial 9 with value: 0.45263957697002055.
[I 2026-02-22 00:42:08,457] Trial 11 finished with value: 0.45270077231353645 and parameters: {'lr': 0.0010866115799955207, 'weight_decay': 1.2053282859112384e-06}. Best is trial 9 with value: 0.45263957697002055.
[I 2026-02-22 00:53:41,059] Trial 12 finished with value: 0.45292913611543956 and parameters: {'lr': 0.0006228997444898865, 'weight_decay': 1.7120731126246332e-06}. Best is trial 9 with value: 0.45263957697002055.
[I 2026-02-22 01:05:23,993] Trial 13 finished with value: 0.4563199340878113 and parameters: {'lr': 0.002147891961306468, 'weight_decay': 1.2978816665896483e-08}. Best is trial 9 with value: 0.45263957697002055.
[I 2026-02-22 01:17:00,583] Trial 14 finished with value: 0.4830305747747833 and parameters: {'lr': 0.007832921114568405, 'weight_decay': 1.8054315928173363e-06}. Best is trial 9 with value: 0.45263957697002055.
[I 2026-02-22 01:28:32,956] Trial 15 finished with value: 0.45257930672485047 and parameters: {'lr': 0.0009855959069060437, 'weight_decay': 5.049780241852174e-07}. Best is trial 15 with value: 0.45257930672485047.
[I 2026-02-22 01:40:02,612] Trial 16 finished with value: 0.4542060419353988 and parameters: {'lr': 0.00037299981541424096, 'weight_decay': 2.8872260389329544e-08}. Best is trial 15 with value: 0.45257930672485047.
[I 2026-02-22 01:51:29,183] Trial 17 finished with value: 0.4525409450834401 and parameters: {'lr': 0.0008351709590679458, 'weight_decay': 3.8895156225935614e-07}. Best is trial 17 with value: 0.4525409450834401.
[I 2026-02-22 02:02:56,705] Trial 18 finished with value: 0.4600414827185691 and parameters: {'lr': 0.003311340591930186, 'weight_decay': 5.930362829110664e-06}. Best is trial 17 with value: 0.4525409450834401.
[I 2026-02-22 02:14:40,467] Trial 19 finished with value: 0.4586477339754337 and parameters: {'lr': 0.0013794973281014765, 'weight_decay': 7.501336438610469e-05}. Best is trial 17 with value: 0.4525409450834401.
[I 2026-02-22 02:26:12,157] Trial 20 finished with value: 0.4544817182511321 and parameters: {'lr': 0.00032851472008850984, 'weight_decay': 2.7851438116777243e-07}. Best is trial 17 with value: 0.4525409450834401.
[I 2026-02-22 02:37:42,629] Trial 21 finished with value: 0.45270221176350517 and parameters: {'lr': 0.000695045475127085, 'weight_decay': 4.743278799725035e-07}. Best is trial 17 with value: 0.4525409450834401.
[I 2026-02-22 02:49:08,585] Trial 22 finished with value: 0.4526409448020298 and parameters: {'lr': 0.0010167121974439097, 'weight_decay': 4.8816651589112623e-08}. Best is trial 17 with value: 0.4525409450834401.
[I 2026-02-22 03:00:41,406] Trial 23 finished with value: 0.452977419752943 and parameters: {'lr': 0.0006959000500776001, 'weight_decay': 4.358152077316494e-06}. Best is trial 17 with value: 0.4525409450834401.
[I 2026-02-22 03:12:15,036] Trial 24 finished with value: 0.4551475749850487 and parameters: {'lr': 0.002004617910720449, 'weight_decay': 4.996841142671992e-07}. Best is trial 17 with value: 0.4525409450834401.
[I 2026-02-22 03:23:54,803] Trial 25 finished with value: 0.45258335064149546 and parameters: {'lr': 0.0007961104865194793, 'weight_decay': 1.1365362142876516e-08}. Best is trial 17 with value: 0.4525409450834401.
[I 2026-02-22 03:35:28,913] Trial 26 finished with value: 0.45359051783682525 and parameters: {'lr': 0.0004689693622453465, 'weight_decay': 2.2561408555513072e-08}. Best is trial 17 with value: 0.4525409450834401.
[I 2026-02-22 03:47:00,311] Trial 27 finished with value: 0.45514635999004605 and parameters: {'lr': 0.0002434439057318571, 'weight_decay': 5.201167774456911e-08}. Best is trial 17 with value: 0.4525409450834401.
[I 2026-02-22 03:58:35,809] Trial 28 finished with value: 0.4525564637228805 and parameters: {'lr': 0.0008989885949119486, 'weight_decay': 1.1001406828956554e-08}. Best is trial 17 with value: 0.4525409450834401.
[I 2026-02-22 04:10:03,537] Trial 29 finished with value: 0.4545414563556051 and parameters: {'lr': 0.0015701636568613514, 'weight_decay': 1.499757382922905e-05}. Best is trial 17 with value: 0.4525409450834401.
[I 2026-02-22 04:21:49,087] Trial 30 finished with value: 0.4625645736467059 and parameters: {'lr': 0.00046630725707128495, 'weight_decay': 0.00032335572081362255}. Best is trial 17 with value: 0.4525409450834401.
[I 2026-02-22 04:33:17,944] Trial 31 finished with value: 0.4525523693155426 and parameters: {'lr': 0.0008679995669909151, 'weight_decay': 1.833919220695611e-08}. Best is trial 17 with value: 0.4525409450834401.
[I 2026-02-22 04:44:47,094] Trial 32 finished with value: 0.4525486410848645 and parameters: {'lr': 0.0008803267998900394, 'weight_decay': 6.787262108113348e-08}. Best is trial 17 with value: 0.4525409450834401.
[I 2026-02-22 04:56:15,892] Trial 33 finished with value: 0.45325866751425187 and parameters: {'lr': 0.0005239577641842808, 'weight_decay': 8.157951002296408e-08}. Best is trial 17 with value: 0.4525409450834401.
[I 2026-02-22 05:07:41,106] Trial 34 finished with value: 0.4575503168048916 and parameters: {'lr': 0.002370729694941712, 'weight_decay': 2.4016386136582655e-08}. Best is trial 17 with value: 0.4525409450834401.
[I 2026-02-22 05:19:10,005] Trial 35 finished with value: 0.4534752111750661 and parameters: {'lr': 0.0014437191552365252, 'weight_decay': 5.1082894100379705e-08}. Best is trial 17 with value: 0.4525409450834401.
[I 2026-02-22 05:30:38,958] Trial 36 finished with value: 0.4636316963194932 and parameters: {'lr': 0.003327528914795919, 'weight_decay': 1.2234061723825203e-07}. Best is trial 17 with value: 0.4525409450834401.
[I 2026-02-22 05:42:14,686] Trial 37 finished with value: 0.45256412279406466 and parameters: {'lr': 0.0008270998539932572, 'weight_decay': 1.0448026375072994e-08}. Best is trial 17 with value: 0.4525409450834401.
[I 2026-02-22 05:53:42,948] Trial 38 finished with value: 0.4530115599607838 and parameters: {'lr': 0.0005820399601335829, 'weight_decay': 8.479019287489959e-08}. Best is trial 17 with value: 0.4525409450834401.
[I 2026-02-22 06:05:13,893] Trial 39 finished with value: 0.45624051560653955 and parameters: {'lr': 0.00015946324834034258, 'weight_decay': 1.8870446556794879e-07}. Best is trial 17 with value: 0.4525409450834401.
[I 2026-02-22 06:16:50,338] Trial 40 finished with value: 0.45298145684228364 and parameters: {'lr': 0.001216600835916156, 'weight_decay': 2.9448167231777388e-08}. Best is trial 17 with value: 0.4525409450834401.
[I 2026-02-22 06:28:25,650] Trial 41 finished with value: 0.45255930626687363 and parameters: {'lr': 0.000905789412565126, 'weight_decay': 1.2144029373442793e-08}. Best is trial 17 with value: 0.4525409450834401.
[I 2026-02-22 06:39:52,253] Trial 42 finished with value: 0.45268564355929297 and parameters: {'lr': 0.0010512456697947866, 'weight_decay': 1.8361241270498058e-08}. Best is trial 17 with value: 0.4525409450834401.
[I 2026-02-22 06:51:15,507] Trial 43 finished with value: 0.4546119169997917 and parameters: {'lr': 0.0017877002357320258, 'weight_decay': 4.357683962021413e-08}. Best is trial 17 with value: 0.4525409450834401.
[I 2026-02-22 07:03:08,536] Trial 44 finished with value: 0.45459905884841906 and parameters: {'lr': 0.00031185111327400685, 'weight_decay': 2.0410576682365088e-07}. Best is trial 17 with value: 0.4525409450834401.
[I 2026-02-22 07:15:43,943] Trial 45 finished with value: 0.4787818718355235 and parameters: {'lr': 0.001347870568974877, 'weight_decay': 0.0017958034661020358}. Best is trial 17 with value: 0.4525409450834401.
[I 2026-02-22 07:27:17,666] Trial 46 finished with value: 0.4525814587501255 and parameters: {'lr': 0.0007978272923478923, 'weight_decay': 1.624261856271814e-08}. Best is trial 17 with value: 0.4525409450834401.
[I 2026-02-22 07:38:41,743] Trial 47 finished with value: 0.4525533449284066 and parameters: {'lr': 0.0008839605326310711, 'weight_decay': 1.0016819011586372e-08}. Best is trial 17 with value: 0.4525409450834401.
[I 2026-02-22 07:50:15,515] Trial 48 finished with value: 0.45297289432604304 and parameters: {'lr': 0.0005931575807699612, 'weight_decay': 1.0538229957448604e-07}. Best is trial 17 with value: 0.4525409450834401.
[I 2026-02-22 08:02:03,142] Trial 49 finished with value: 0.45289335451737506 and parameters: {'lr': 0.001173106902040888, 'weight_decay': 3.475716276637007e-08}. Best is trial 17 with value: 0.4525409450834401.
[I 2026-02-22 08:13:34,547] Trial 50 finished with value: 0.4597710708205198 and parameters: {'lr': 0.0027061337637398868, 'weight_decay': 6.873649802571725e-08}. Best is trial 17 with value: 0.4525409450834401.
[I 2026-02-22 08:25:13,657] Trial 51 finished with value: 0.45255574394674974 and parameters: {'lr': 0.0008977122454297311, 'weight_decay': 1.5384121011476585e-08}. Best is trial 17 with value: 0.4525409450834401.
[I 2026-02-22 08:36:47,558] Trial 52 finished with value: 0.4527728520929151 and parameters: {'lr': 0.0006678075871925362, 'weight_decay': 1.9277636972634376e-08}. Best is trial 17 with value: 0.4525409450834401.
[I 2026-02-22 08:48:26,423] Trial 53 finished with value: 0.4525611549909657 and parameters: {'lr': 0.000916680126652798, 'weight_decay': 3.221054110371215e-08}. Best is trial 17 with value: 0.4525409450834401.
[I 2026-02-22 09:00:10,508] Trial 54 finished with value: 0.45338600893932124 and parameters: {'lr': 0.0005010141182493319, 'weight_decay': 2.6058515964534963e-07}. Best is trial 17 with value: 0.4525409450834401.
[I 2026-02-22 09:12:02,028] Trial 55 finished with value: 0.45404020562185937 and parameters: {'lr': 0.00040008411598653997, 'weight_decay': 1.0569740249338443e-08}. Best is trial 17 with value: 0.4525409450834401.
[I 2026-02-22 09:23:38,742] Trial 56 finished with value: 0.4541736414888482 and parameters: {'lr': 0.0016798441009084491, 'weight_decay': 1.8933806268275773e-08}. Best is trial 17 with value: 0.4525409450834401.
[I 2026-02-22 09:35:19,784] Trial 57 finished with value: 0.4527942906648423 and parameters: {'lr': 0.0011543821556081828, 'weight_decay': 8.174394177126827e-07}. Best is trial 17 with value: 0.4525409450834401.
[I 2026-02-22 09:47:02,019] Trial 58 finished with value: 0.4525508569802491 and parameters: {'lr': 0.0008532501261574804, 'weight_decay': 5.255817843696003e-08}. Best is trial 17 with value: 0.4525409450834401.
[I 2026-02-22 09:59:01,146] Trial 59 finished with value: 0.5099220873447771 and parameters: {'lr': 0.009720432081137202, 'weight_decay': 1.2767412306845618e-07}. Best is trial 17 with value: 0.4525409450834401.
[I 2026-02-22 10:12:08,324] Trial 60 finished with value: 0.4526225203413212 and parameters: {'lr': 0.0007521183325134574, 'weight_decay': 5.962125480205482e-08}. Best is trial 17 with value: 0.4525409450834401.
[I 2026-02-22 10:25:51,868] Trial 61 finished with value: 0.4525775360993917 and parameters: {'lr': 0.0009475474248457215, 'weight_decay': 3.531645032436434e-08}. Best is trial 17 with value: 0.4525409450834401.
[I 2026-02-22 10:40:02,794] Trial 62 finished with value: 0.4527932793498235 and parameters: {'lr': 0.0006551171350263961, 'weight_decay': 3.1475944825251805e-07}. Best is trial 17 with value: 0.4525409450834401.
[I 2026-02-22 10:55:03,646] Trial 63 finished with value: 0.45255380559116287 and parameters: {'lr': 0.0008511251765401993, 'weight_decay': 1.6418160594495077e-08}. Best is trial 17 with value: 0.4525409450834401.
[I 2026-02-22 11:10:41,604] Trial 64 finished with value: 0.453062401337907 and parameters: {'lr': 0.0012557149522231087, 'weight_decay': 2.512423662727774e-08}. Best is trial 17 with value: 0.4525409450834401.
[I 2026-02-22 11:32:39,381] Trial 65 finished with value: 0.4527453964599609 and parameters: {'lr': 0.0007816100120851656, 'weight_decay': 2.957262403165062e-06}. Best is trial 17 with value: 0.4525409450834401.
[I 2026-02-22 11:50:15,218] Trial 66 finished with value: 0.4532064441658289 and parameters: {'lr': 0.0005352301332580962, 'weight_decay': 1.688130096099482e-08}. Best is trial 17 with value: 0.4525409450834401.
[I 2026-02-22 12:05:39,571] Trial 67 finished with value: 0.45266950194104755 and parameters: {'lr': 0.0010500123703143563, 'weight_decay': 1.4179875404244402e-07}. Best is trial 17 with value: 0.4525409450834401.
[I 2026-02-22 12:21:18,864] Trial 68 finished with value: 0.4535886925086724 and parameters: {'lr': 0.0014896032309014962, 'weight_decay': 7.282354424645613e-08}. Best is trial 17 with value: 0.4525409450834401.
[I 2026-02-22 12:36:50,922] Trial 69 finished with value: 0.45368013029831733 and parameters: {'lr': 0.0004550814205411659, 'weight_decay': 4.7825331687054234e-08}. Best is trial 17 with value: 0.4525409450834401.
[I 2026-02-22 13:08:05,341] Trial 70 finished with value: 0.45537451091298486 and parameters: {'lr': 0.0006236948273594479, 'weight_decay': 3.550373710712186e-05}. Best is trial 17 with value: 0.4525409450834401.
[I 2026-02-22 13:23:14,922] Trial 71 finished with value: 0.4525533181192739 and parameters: {'lr': 0.000869672545229092, 'weight_decay': 1.0161472966863723e-08}. Best is trial 17 with value: 0.4525409450834401.
[I 2026-02-22 13:38:45,891] Trial 72 finished with value: 0.4525527482619616 and parameters: {'lr': 0.000865502552285611, 'weight_decay': 1.5180725612274183e-08}. Best is trial 17 with value: 0.4525409450834401.
[I 2026-02-22 13:54:03,767] Trial 73 finished with value: 0.4526706718823606 and parameters: {'lr': 0.0007203482679239325, 'weight_decay': 2.8852238774465685e-08}. Best is trial 17 with value: 0.4525409450834401.
[I 2026-02-22 14:09:34,226] Trial 74 finished with value: 0.4525531715725046 and parameters: {'lr': 0.0008629385443038772, 'weight_decay': 1.4461263785333941e-08}. Best is trial 17 with value: 0.4525409450834401.
[I 2026-02-22 14:48:56,109] Trial 75 finished with value: 0.45267342177703335 and parameters: {'lr': 0.0010400614904951208, 'weight_decay': 1.065321043414199e-08}. Best is trial 17 with value: 0.4525409450834401.
[I 2026-02-22 15:03:57,331] Trial 76 finished with value: 0.4531479908976762 and parameters: {'lr': 0.0012964897699137238, 'weight_decay': 3.709400419788689e-08}. Best is trial 17 with value: 0.4525409450834401.
[I 2026-02-22 15:40:25,812] Trial 77 finished with value: 0.4548835613346417 and parameters: {'lr': 0.0018414803474131065, 'weight_decay': 2.1723317837975155e-08}. Best is trial 17 with value: 0.4525409450834401.
[I 2026-02-22 15:55:03,531] Trial 78 finished with value: 0.4530808084335123 and parameters: {'lr': 0.0005634967788696022, 'weight_decay': 6.096436994750805e-08}. Best is trial 17 with value: 0.4525409450834401.
[I 2026-02-22 16:21:29,314] Trial 79 finished with value: 0.4526981289735477 and parameters: {'lr': 0.0007017186911766817, 'weight_decay': 9.498298309155664e-08}. Best is trial 17 with value: 0.4525409450834401.
[I 2026-02-22 16:46:24,160] Trial 80 finished with value: 0.45258895787185194 and parameters: {'lr': 0.0009613630053515426, 'weight_decay': 2.337474579624023e-08}. Best is trial 17 with value: 0.4525409450834401.
[I 2026-02-22 17:01:04,361] Trial 81 finished with value: 0.4525817979823429 and parameters: {'lr': 0.0007975730001042815, 'weight_decay': 1.4465052121018382e-08}. Best is trial 17 with value: 0.4525409450834401.
[I 2026-02-22 17:15:44,627] Trial 82 finished with value: 0.4525563369944715 and parameters: {'lr': 0.00084604668435001, 'weight_decay': 1.0004876845476957e-08}. Best is trial 17 with value: 0.4525409450834401.
[I 2026-02-22 17:30:20,629] Trial 83 finished with value: 0.4528102967568698 and parameters: {'lr': 0.001128048324362702, 'weight_decay': 1.6477551044612603e-08}. Best is trial 17 with value: 0.4525409450834401.
[I 2026-02-22 17:45:01,845] Trial 84 finished with value: 0.4528822277613158 and parameters: {'lr': 0.0006237387603185337, 'weight_decay': 4.6722552847723984e-08}. Best is trial 17 with value: 0.4525409450834401.
[I 2026-02-22 17:59:40,377] Trial 85 finished with value: 0.4525550112141794 and parameters: {'lr': 0.0008441187193616959, 'weight_decay': 2.5715148437656623e-08}. Best is trial 17 with value: 0.4525409450834401.
[I 2026-02-22 18:14:24,553] Trial 86 finished with value: 0.4533673081982553 and parameters: {'lr': 0.0013880282089017372, 'weight_decay': 1.4940462375371457e-08}. Best is trial 17 with value: 0.4525409450834401.
[I 2026-02-22 18:29:06,082] Trial 87 finished with value: 0.45268608381523284 and parameters: {'lr': 0.0010532150265214583, 'weight_decay': 3.477588613508325e-08}. Best is trial 17 with value: 0.4525409450834401.
[I 2026-02-22 18:43:44,294] Trial 88 finished with value: 0.45266230401370966 and parameters: {'lr': 0.0007263419138761329, 'weight_decay': 1.3393332221564054e-08}. Best is trial 17 with value: 0.4525409450834401.
[I 2026-02-22 18:58:20,508] Trial 89 finished with value: 0.4525690672829781 and parameters: {'lr': 0.000970368958108706, 'weight_decay': 7.477405711404432e-07}. Best is trial 17 with value: 0.4525409450834401.
[I 2026-02-22 19:12:46,703] Trial 90 finished with value: 0.4536907309253154 and parameters: {'lr': 0.0004535517203722315, 'weight_decay': 4.1587630742181415e-08}. Best is trial 17 with value: 0.4525409450834401.
[I 2026-02-22 19:27:04,014] Trial 91 finished with value: 0.45255300450199887 and parameters: {'lr': 0.0008908750649048243, 'weight_decay': 2.499266938144715e-08}. Best is trial 17 with value: 0.4525409450834401.
[I 2026-02-22 19:41:25,604] Trial 92 finished with value: 0.45255187408664294 and parameters: {'lr': 0.0008827313468653605, 'weight_decay': 2.281430281538375e-08}. Best is trial 17 with value: 0.4525409450834401.
[I 2026-02-22 19:55:37,522] Trial 93 finished with value: 0.4528721708822464 and parameters: {'lr': 0.0011722441809715115, 'weight_decay': 1.550605881007709e-07}. Best is trial 17 with value: 0.4525409450834401.
[I 2026-02-22 20:09:52,392] Trial 94 finished with value: 0.45260489166591644 and parameters: {'lr': 0.0007656390634867495, 'weight_decay': 7.806838960540367e-08}. Best is trial 17 with value: 0.4525409450834401.
[I 2026-02-22 20:24:08,190] Trial 95 finished with value: 0.4528106371254316 and parameters: {'lr': 0.0006514675490623611, 'weight_decay': 2.2226305221320333e-08}. Best is trial 17 with value: 0.4525409450834401.
[I 2026-02-22 20:38:30,036] Trial 96 finished with value: 0.452539631364621 and parameters: {'lr': 0.0009094000687036683, 'weight_decay': 3.7680616082447534e-07}. Best is trial 96 with value: 0.452539631364621.
